	.file	"main.c"
	.arch msp430f2013
	.cpu 430
	.mpy none

	.section	.debug_abbrev,"",@progbits
.Ldebug_abbrev0:
	.section	.debug_info,"",@progbits
.Ldebug_info0:
	.section	.debug_line,"",@progbits
.Ldebug_line0:
	.text
.Ltext0:
	.p2align 1,0
.global	_reset_vector__
	.type	_reset_vector__,@function
/***********************
 * Function `_reset_vector__' 
 ***********************/
_reset_vector__:
.LFB0:
	.file 1 "main.c"
	.loc 1 15 0
	.loc 1 16 0
/* #APP */
 ;  16 "main.c" 1
	br #main
 ;  0 "" 2
	.loc 1 17 0
/* #NOAPP */
.LFE0:
.Lfe1:
	.size	_reset_vector__,.Lfe1-_reset_vector__
;; End of function 

.LC0:
	.string	"Memory dump:"
.LC1:
	.string	"*** Memtest patterns ***"
.LC2:
	.string	" -- start address"
.LC3:
	.string	" -- end address"
.LC4:
	.string	" -- write pattern"
.LC5:
	.string	" -- readback pattern"
.LC6:
	.string	"*** Memtest done ***"
	.section	.init9,"ax",@progbits
	.p2align 1,0
.global	main
	.type	main,@function
/***********************
 * Function `main' 
 ***********************/
main:
.LFB4:
	.loc 1 42 0
	add	#llo(-48), r1
.LCFI0:
.LVL0:
.LBB4:
.LBB5:
	.loc 1 30 0
/* #APP */
 ;  30 "main.c" 1
	dint
 ;  0 "" 2
/* #NOAPP */
.LBE5:
.LBE4:
	.loc 1 53 0
	mov	#48, &__PAPER
	.loc 1 54 0
	mov	#0, &__PAOUT
	.loc 1 55 0
	mov	#16, &__PAOEN
	.loc 1 57 0
	mov	#38, &__UART0_BCR
	.loc 1 58 0
	mov	#128, &__UART0_CR
	.loc 1 61 0
	mov	&__UART0_SR, r15
	.loc 1 84 0
	mov	#.LC0, r15
	call	#uart_puts
	.loc 1 85 0
	mov.b	#13, r15
	call	#uart_putchar
	.loc 1 86 0
	mov.b	#10, r15
	call	#uart_putchar
.LVL1:
	.loc 1 88 0
	mov	#16384, r11
.LVL2:
.L3:
	.loc 1 89 0 discriminator 2
	mov	r11, r15
	call	#printHexWord
	.loc 1 90 0 discriminator 2
	mov.b	#32, r15
	call	#uart_putchar
	.loc 1 91 0 discriminator 2
	mov	@r11, r15
	call	#printHexWord
	.loc 1 92 0 discriminator 2
	mov.b	#13, r15
	call	#uart_putchar
	.loc 1 93 0 discriminator 2
	mov.b	#10, r15
	call	#uart_putchar
	.loc 1 88 0 discriminator 2
	add	#2, r11
.LVL3:
	cmp	#llo(-2), r11
	jne	.L3
	.loc 1 105 0
	mov	#42, r13
	mov	#C.1.2304, r14
	mov	r1, r15
	add	#6, r15
	call	#memcpy
.LVL4:
	.loc 1 136 0
	mov	#.LC1, r15
	call	#uart_puts
	.loc 1 138 0
	mov	#20976, r15
	call	#printHexWord
	.loc 1 139 0
	mov	#.LC2, r15
	call	#uart_puts
	.loc 1 141 0
	mov	#llo(-128), r15
	call	#printHexWord
	.loc 1 142 0
	mov	#.LC3, r15
	call	#uart_puts
	.loc 1 144 0
	mov	#0, @r1
.LVL5:
	mov	#20, r10
	jmp	.L4
.LVL6:
.L8:
	.loc 1 145 0
	mov	@r1, r15
	rla	r15
	add	r1, r15
	mov	6(r15), 4(r1)
	.loc 1 147 0
	mov	4(r1), r15
	call	#printHexWord
	.loc 1 148 0
	mov	#.LC4, r15
	call	#uart_puts
.LVL7:
	.loc 1 151 0
	mov	#20976, r15
.LVL8:
.L5:
	.loc 1 152 0 discriminator 2
	mov	4(r1), @r15
	.loc 1 151 0 discriminator 2
	add	#2, r15
.LVL9:
	cmp	#llo(-128), r15
	jne	.L5
	.loc 1 155 0
	mov	4(r1), r15
.LVL10:
	call	#printHexWord
	.loc 1 156 0
	mov	#.LC5, r15
	call	#uart_puts
.LVL11:
	.loc 1 159 0
	mov	#20976, r11
.LVL12:
.L7:
	.loc 1 160 0
	mov	@r11, 2(r1)
	.loc 1 162 0
	mov	2(r1), r14
	mov	4(r1), r15
	cmp	r15, r14
	jeq	.L6
	.loc 1 163 0
	mov	r11, r15
	call	#printHexWord
	.loc 1 164 0
	mov.b	#32, r15
	call	#uart_putchar
	.loc 1 165 0
	mov	4(r1), r15
	call	#printHexWord
	.loc 1 166 0
	mov.b	#32, r15
	call	#uart_putchar
	.loc 1 167 0
	mov	2(r1), r15
	call	#printHexWord
	.loc 1 168 0
	mov.b	#13, r15
	call	#uart_putchar
	.loc 1 169 0
	mov.b	#10, r15
	call	#uart_putchar
.L6:
	.loc 1 159 0
	add	#2, r11
.LVL13:
	cmp	#llo(-128), r11
	jne	.L7
	.loc 1 144 0
	add	#1, @r1
.L4:
	.loc 1 144 0 is_stmt 0 discriminator 1
	mov	@r1, r15
	cmp	r15, r10
	jhs	.L8
	.loc 1 174 0 is_stmt 1
	mov	#.LC6, r15
	call	#uart_puts
	.loc 1 176 0
	call	#init_msp4th
	.loc 1 177 0
	call	#processLoop
	.loc 1 180 0
	mov	#0, r15
	add	#48, r1
.LFE4:
.Lfe2:
	.size	main,.Lfe2-main
;; End of function 

	.text
	.p2align 1,0
	.type	C.1.2304,@object
	.size	C.1.2304,42
C.1.2304:
	.word	0
	.word	1
	.word	2
	.word	4
	.word	8
	.word	16
	.word	32
	.word	64
	.word	128
	.word	256
	.word	512
	.word	1024
	.word	2048
	.word	4096
	.word	8192
	.word	16384
	.word	-32768
	.word	-21846
	.word	21845
	.word	-1
	.word	0
	.section	.debug_frame,"",@progbits
.Lframe0:
	.4byte	.LECIE0-.LSCIE0
.LSCIE0:
	.4byte	0xffffffff
	.byte	0x1
	.string	""
	.uleb128 0x1
	.sleb128 -2
	.byte	0x0
	.byte	0xc
	.uleb128 0x1
	.uleb128 0x2
	.byte	0x80
	.uleb128 0x1
	.p2align 1,0
.LECIE0:
.LSFDE0:
	.4byte	.LEFDE0-.LASFDE0
.LASFDE0:
	.4byte	.Lframe0
	.2byte	.LFB0
	.2byte	.LFE0-.LFB0
	.p2align 1,0
.LEFDE0:
.LSFDE2:
	.4byte	.LEFDE2-.LASFDE2
.LASFDE2:
	.4byte	.Lframe0
	.2byte	.LFB4
	.2byte	.LFE4-.LFB4
	.byte	0x4
	.4byte	.LCFI0-.LFB4
	.byte	0xe
	.uleb128 0x32
	.p2align 1,0
.LEFDE2:
	.text
.Letext0:
	.section	.debug_loc,"",@progbits
.Ldebug_loc0:
.LLST0:
	.2byte	.LFB4
	.2byte	.LCFI0
	.2byte	0x2
	.byte	0x71
	.sleb128 2
	.2byte	.LCFI0
	.2byte	.LFE4
	.2byte	0x2
	.byte	0x71
	.sleb128 50
	.2byte	0x0
	.2byte	0x0
.LLST1:
	.2byte	.LVL1
	.2byte	.LVL2
	.2byte	0x4
	.byte	0xa
	.2byte	0x4000
	.byte	0x9f
	.2byte	.LVL3
	.2byte	.LVL7
	.2byte	0x1
	.byte	0x5b
	.2byte	.LVL7
	.2byte	.LVL8
	.2byte	0x4
	.byte	0xa
	.2byte	0x51f0
	.byte	0x9f
	.2byte	.LVL9
	.2byte	.LVL10
	.2byte	0x1
	.byte	0x5f
	.2byte	.LVL11
	.2byte	.LVL12
	.2byte	0x4
	.byte	0xa
	.2byte	0x51f0
	.byte	0x9f
	.2byte	.LVL13
	.2byte	.LFE4
	.2byte	0x1
	.byte	0x5b
	.2byte	0x0
	.2byte	0x0
	.file 2 "ns430.h"
	.file 3 "ns430-atoi.h"
	.section	.debug_info
	.4byte	0x218
	.2byte	0x2
	.4byte	.Ldebug_abbrev0
	.byte	0x2
	.uleb128 0x1
	.4byte	.LASF25
	.byte	0x1
	.4byte	.LASF26
	.4byte	.LASF27
	.2byte	0x0
	.2byte	0x0
	.4byte	.Ldebug_ranges0+0x0
	.4byte	.Ldebug_line0
	.uleb128 0x2
	.4byte	.LASF2
	.byte	0x2
	.byte	0x4
	.4byte	0x30
	.uleb128 0x3
	.byte	0x1
	.byte	0x8
	.4byte	.LASF0
	.uleb128 0x3
	.byte	0x1
	.byte	0x6
	.4byte	.LASF1
	.uleb128 0x2
	.4byte	.LASF3
	.byte	0x2
	.byte	0x6
	.4byte	0x49
	.uleb128 0x3
	.byte	0x2
	.byte	0x7
	.4byte	.LASF4
	.uleb128 0x2
	.4byte	.LASF5
	.byte	0x2
	.byte	0x7
	.4byte	0x5b
	.uleb128 0x4
	.byte	0x2
	.byte	0x5
	.string	"int"
	.uleb128 0x5
	.4byte	.LASF28
	.byte	0x1
	.byte	0x1d
	.byte	0x1
	.byte	0x3
	.uleb128 0x6
	.byte	0x1
	.4byte	.LASF29
	.byte	0x1
	.byte	0xf
	.byte	0x1
	.2byte	.LFB0
	.2byte	.LFE0
	.byte	0x2
	.byte	0x71
	.sleb128 2
	.uleb128 0x7
	.byte	0x1
	.4byte	.LASF30
	.byte	0x1
	.byte	0x2a
	.byte	0x1
	.4byte	0x5b
	.2byte	.LFB4
	.2byte	.LFE4
	.4byte	.LLST0
	.4byte	0x11a
	.uleb128 0x8
	.string	"tmp"
	.byte	0x1
	.byte	0x2c
	.4byte	0x3e
	.byte	0x1
	.byte	0x5f
	.uleb128 0x9
	.4byte	.LASF6
	.byte	0x1
	.byte	0x2e
	.4byte	0x11a
	.byte	0x0
	.uleb128 0xa
	.4byte	.LASF7
	.byte	0x1
	.byte	0x52
	.4byte	0x125
	.4byte	.LLST1
	.uleb128 0xb
	.4byte	.LASF8
	.byte	0x1
	.byte	0x69
	.4byte	0x140
	.byte	0x2
	.byte	0x91
	.sleb128 -48
	.uleb128 0x8
	.string	"idx"
	.byte	0x1
	.byte	0x81
	.4byte	0x120
	.byte	0x2
	.byte	0x91
	.sleb128 -50
	.uleb128 0xb
	.4byte	.LASF9
	.byte	0x1
	.byte	0x82
	.4byte	0x120
	.byte	0x2
	.byte	0x91
	.sleb128 -48
	.uleb128 0xb
	.4byte	.LASF10
	.byte	0x1
	.byte	0x83
	.4byte	0x120
	.byte	0x2
	.byte	0x91
	.sleb128 -46
	.uleb128 0xc
	.4byte	.LASF11
	.byte	0x1
	.byte	0x85
	.4byte	0x145
	.2byte	0x51f0
	.uleb128 0xd
	.4byte	.LASF12
	.byte	0x1
	.byte	0x86
	.4byte	0x145
	.sleb128 -128
	.uleb128 0xe
	.4byte	0x62
	.2byte	.LBB4
	.2byte	.LBE4
	.byte	0x1
	.byte	0x31
	.byte	0x0
	.uleb128 0xf
	.byte	0x2
	.4byte	0x120
	.uleb128 0x10
	.4byte	0x50
	.uleb128 0xf
	.byte	0x2
	.4byte	0x12b
	.uleb128 0x10
	.4byte	0x3e
	.uleb128 0x11
	.4byte	0x50
	.4byte	0x140
	.uleb128 0x12
	.4byte	0x49
	.byte	0x14
	.byte	0x0
	.uleb128 0x13
	.4byte	0x130
	.uleb128 0x13
	.4byte	0x50
	.uleb128 0x14
	.4byte	.LASF13
	.byte	0x3
	.byte	0x41
	.4byte	.LASF15
	.4byte	0x15b
	.byte	0x1
	.byte	0x1
	.uleb128 0x10
	.4byte	0x49
	.uleb128 0x14
	.4byte	.LASF14
	.byte	0x3
	.byte	0x45
	.4byte	.LASF16
	.4byte	0x15b
	.byte	0x1
	.byte	0x1
	.uleb128 0x14
	.4byte	.LASF17
	.byte	0x3
	.byte	0x49
	.4byte	.LASF18
	.4byte	0x15b
	.byte	0x1
	.byte	0x1
	.uleb128 0x14
	.4byte	.LASF19
	.byte	0x3
	.byte	0xb1
	.4byte	.LASF20
	.4byte	0x15b
	.byte	0x1
	.byte	0x1
	.uleb128 0x14
	.4byte	.LASF21
	.byte	0x3
	.byte	0xb3
	.4byte	.LASF22
	.4byte	0x15b
	.byte	0x1
	.byte	0x1
	.uleb128 0x14
	.4byte	.LASF23
	.byte	0x3
	.byte	0xb5
	.4byte	.LASF24
	.4byte	0x15b
	.byte	0x1
	.byte	0x1
	.uleb128 0x14
	.4byte	.LASF13
	.byte	0x3
	.byte	0x41
	.4byte	.LASF15
	.4byte	0x15b
	.byte	0x1
	.byte	0x1
	.uleb128 0x14
	.4byte	.LASF14
	.byte	0x3
	.byte	0x45
	.4byte	.LASF16
	.4byte	0x15b
	.byte	0x1
	.byte	0x1
	.uleb128 0x14
	.4byte	.LASF17
	.byte	0x3
	.byte	0x49
	.4byte	.LASF18
	.4byte	0x15b
	.byte	0x1
	.byte	0x1
	.uleb128 0x14
	.4byte	.LASF19
	.byte	0x3
	.byte	0xb1
	.4byte	.LASF20
	.4byte	0x15b
	.byte	0x1
	.byte	0x1
	.uleb128 0x14
	.4byte	.LASF21
	.byte	0x3
	.byte	0xb3
	.4byte	.LASF22
	.4byte	0x15b
	.byte	0x1
	.byte	0x1
	.uleb128 0x14
	.4byte	.LASF23
	.byte	0x3
	.byte	0xb5
	.4byte	.LASF24
	.4byte	0x15b
	.byte	0x1
	.byte	0x1
	.byte	0x0
	.section	.debug_abbrev
	.uleb128 0x1
	.uleb128 0x11
	.byte	0x1
	.uleb128 0x25
	.uleb128 0xe
	.uleb128 0x13
	.uleb128 0xb
	.uleb128 0x3
	.uleb128 0xe
	.uleb128 0x1b
	.uleb128 0xe
	.uleb128 0x11
	.uleb128 0x1
	.uleb128 0x52
	.uleb128 0x1
	.uleb128 0x55
	.uleb128 0x6
	.uleb128 0x10
	.uleb128 0x6
	.byte	0x0
	.byte	0x0
	.uleb128 0x2
	.uleb128 0x16
	.byte	0x0
	.uleb128 0x3
	.uleb128 0xe
	.uleb128 0x3a
	.uleb128 0xb
	.uleb128 0x3b
	.uleb128 0xb
	.uleb128 0x49
	.uleb128 0x13
	.byte	0x0
	.byte	0x0
	.uleb128 0x3
	.uleb128 0x24
	.byte	0x0
	.uleb128 0xb
	.uleb128 0xb
	.uleb128 0x3e
	.uleb128 0xb
	.uleb128 0x3
	.uleb128 0xe
	.byte	0x0
	.byte	0x0
	.uleb128 0x4
	.uleb128 0x24
	.byte	0x0
	.uleb128 0xb
	.uleb128 0xb
	.uleb128 0x3e
	.uleb128 0xb
	.uleb128 0x3
	.uleb128 0x8
	.byte	0x0
	.byte	0x0
	.uleb128 0x5
	.uleb128 0x2e
	.byte	0x0
	.uleb128 0x3
	.uleb128 0xe
	.uleb128 0x3a
	.uleb128 0xb
	.uleb128 0x3b
	.uleb128 0xb
	.uleb128 0x27
	.uleb128 0xc
	.uleb128 0x20
	.uleb128 0xb
	.byte	0x0
	.byte	0x0
	.uleb128 0x6
	.uleb128 0x2e
	.byte	0x0
	.uleb128 0x3f
	.uleb128 0xc
	.uleb128 0x3
	.uleb128 0xe
	.uleb128 0x3a
	.uleb128 0xb
	.uleb128 0x3b
	.uleb128 0xb
	.uleb128 0x27
	.uleb128 0xc
	.uleb128 0x11
	.uleb128 0x1
	.uleb128 0x12
	.uleb128 0x1
	.uleb128 0x40
	.uleb128 0xa
	.byte	0x0
	.byte	0x0
	.uleb128 0x7
	.uleb128 0x2e
	.byte	0x1
	.uleb128 0x3f
	.uleb128 0xc
	.uleb128 0x3
	.uleb128 0xe
	.uleb128 0x3a
	.uleb128 0xb
	.uleb128 0x3b
	.uleb128 0xb
	.uleb128 0x27
	.uleb128 0xc
	.uleb128 0x49
	.uleb128 0x13
	.uleb128 0x11
	.uleb128 0x1
	.uleb128 0x12
	.uleb128 0x1
	.uleb128 0x40
	.uleb128 0x6
	.uleb128 0x1
	.uleb128 0x13
	.byte	0x0
	.byte	0x0
	.uleb128 0x8
	.uleb128 0x34
	.byte	0x0
	.uleb128 0x3
	.uleb128 0x8
	.uleb128 0x3a
	.uleb128 0xb
	.uleb128 0x3b
	.uleb128 0xb
	.uleb128 0x49
	.uleb128 0x13
	.uleb128 0x2
	.uleb128 0xa
	.byte	0x0
	.byte	0x0
	.uleb128 0x9
	.uleb128 0x34
	.byte	0x0
	.uleb128 0x3
	.uleb128 0xe
	.uleb128 0x3a
	.uleb128 0xb
	.uleb128 0x3b
	.uleb128 0xb
	.uleb128 0x49
	.uleb128 0x13
	.uleb128 0x1c
	.uleb128 0xb
	.byte	0x0
	.byte	0x0
	.uleb128 0xa
	.uleb128 0x34
	.byte	0x0
	.uleb128 0x3
	.uleb128 0xe
	.uleb128 0x3a
	.uleb128 0xb
	.uleb128 0x3b
	.uleb128 0xb
	.uleb128 0x49
	.uleb128 0x13
	.uleb128 0x2
	.uleb128 0x6
	.byte	0x0
	.byte	0x0
	.uleb128 0xb
	.uleb128 0x34
	.byte	0x0
	.uleb128 0x3
	.uleb128 0xe
	.uleb128 0x3a
	.uleb128 0xb
	.uleb128 0x3b
	.uleb128 0xb
	.uleb128 0x49
	.uleb128 0x13
	.uleb128 0x2
	.uleb128 0xa
	.byte	0x0
	.byte	0x0
	.uleb128 0xc
	.uleb128 0x34
	.byte	0x0
	.uleb128 0x3
	.uleb128 0xe
	.uleb128 0x3a
	.uleb128 0xb
	.uleb128 0x3b
	.uleb128 0xb
	.uleb128 0x49
	.uleb128 0x13
	.uleb128 0x1c
	.uleb128 0x5
	.byte	0x0
	.byte	0x0
	.uleb128 0xd
	.uleb128 0x34
	.byte	0x0
	.uleb128 0x3
	.uleb128 0xe
	.uleb128 0x3a
	.uleb128 0xb
	.uleb128 0x3b
	.uleb128 0xb
	.uleb128 0x49
	.uleb128 0x13
	.uleb128 0x1c
	.uleb128 0xd
	.byte	0x0
	.byte	0x0
	.uleb128 0xe
	.uleb128 0x1d
	.byte	0x0
	.uleb128 0x31
	.uleb128 0x13
	.uleb128 0x11
	.uleb128 0x1
	.uleb128 0x12
	.uleb128 0x1
	.uleb128 0x58
	.uleb128 0xb
	.uleb128 0x59
	.uleb128 0xb
	.byte	0x0
	.byte	0x0
	.uleb128 0xf
	.uleb128 0xf
	.byte	0x0
	.uleb128 0xb
	.uleb128 0xb
	.uleb128 0x49
	.uleb128 0x13
	.byte	0x0
	.byte	0x0
	.uleb128 0x10
	.uleb128 0x35
	.byte	0x0
	.uleb128 0x49
	.uleb128 0x13
	.byte	0x0
	.byte	0x0
	.uleb128 0x11
	.uleb128 0x1
	.byte	0x1
	.uleb128 0x49
	.uleb128 0x13
	.uleb128 0x1
	.uleb128 0x13
	.byte	0x0
	.byte	0x0
	.uleb128 0x12
	.uleb128 0x21
	.byte	0x0
	.uleb128 0x49
	.uleb128 0x13
	.uleb128 0x2f
	.uleb128 0xb
	.byte	0x0
	.byte	0x0
	.uleb128 0x13
	.uleb128 0x26
	.byte	0x0
	.uleb128 0x49
	.uleb128 0x13
	.byte	0x0
	.byte	0x0
	.uleb128 0x14
	.uleb128 0x34
	.byte	0x0
	.uleb128 0x3
	.uleb128 0xe
	.uleb128 0x3a
	.uleb128 0xb
	.uleb128 0x3b
	.uleb128 0xb
	.uleb128 0x2007
	.uleb128 0xe
	.uleb128 0x49
	.uleb128 0x13
	.uleb128 0x3f
	.uleb128 0xc
	.uleb128 0x3c
	.uleb128 0xc
	.byte	0x0
	.byte	0x0
	.byte	0x0
	.section	.debug_pubnames,"",@progbits
	.4byte	0x2b
	.2byte	0x2
	.4byte	.Ldebug_info0
	.4byte	0x21c
	.4byte	0x6b
	.string	"_reset_vector__"
	.4byte	0x7b
	.string	"main"
	.4byte	0x0
	.section	.debug_pubtypes,"",@progbits
	.4byte	0x33
	.2byte	0x2
	.4byte	.Ldebug_info0
	.4byte	0x21c
	.4byte	0x25
	.string	"uint8_t"
	.4byte	0x3e
	.string	"uint16_t"
	.4byte	0x50
	.string	"int16_t"
	.4byte	0x0
	.section	.debug_aranges,"",@progbits
	.4byte	0x14
	.2byte	0x2
	.4byte	.Ldebug_info0
	.byte	0x2
	.byte	0x0
	.2byte	.Ltext0
	.2byte	.Letext0-.Ltext0
	.2byte	.LFB4
	.2byte	.LFE4-.LFB4
	.2byte	0x0
	.2byte	0x0
	.section	.debug_ranges,"",@progbits
.Ldebug_ranges0:
	.2byte	.Ltext0
	.2byte	.Letext0
	.2byte	.LFB4
	.2byte	.LFE4
	.2byte	0x0
	.2byte	0x0
	.section	.debug_str,"MS",@progbits,1
.LASF15:
	.string	"*__PAOEN"
.LASF25:
	.string	"GNU C 4.5.3"
.LASF0:
	.string	"unsigned char"
.LASF26:
	.string	"main.c"
.LASF5:
	.string	"int16_t"
.LASF24:
	.string	"*__UART0_SR"
.LASF20:
	.string	"*__UART0_CR"
.LASF12:
	.string	"memend"
.LASF19:
	.string	"UART0_CR"
.LASF11:
	.string	"dend"
.LASF7:
	.string	"addr"
.LASF6:
	.string	"dirMemory"
.LASF2:
	.string	"uint8_t"
.LASF27:
	.string	"/home/dan/430/msp4th"
.LASF18:
	.string	"*__PAPER"
.LASF30:
	.string	"main"
.LASF29:
	.string	"_reset_vector__"
.LASF17:
	.string	"PAPER"
.LASF14:
	.string	"PAOUT"
.LASF22:
	.string	"*__UART0_BCR"
.LASF8:
	.string	"patterns"
.LASF21:
	.string	"UART0_BCR"
.LASF9:
	.string	"readback"
.LASF1:
	.string	"signed char"
.LASF3:
	.string	"uint16_t"
.LASF10:
	.string	"pattern"
.LASF23:
	.string	"UART0_SR"
.LASF13:
	.string	"PAOEN"
.LASF4:
	.string	"unsigned int"
.LASF16:
	.string	"*__PAOUT"
.LASF28:
	.string	"dint"
