	.file	"msp4th.c"
	.arch msp430f2013
	.cpu 430
	.mpy none

	.section	.debug_abbrev,"",@progbits
.Ldebug_abbrev0:
	.section	.debug_info,"",@progbits
.Ldebug_info0:
	.section	.debug_line,"",@progbits
.Ldebug_line0:
	.text
.Ltext0:
	.p2align 1,0
.global	getKeyB
	.type	getKeyB,@function
/***********************
 * Function `getKeyB' 
 ***********************/
getKeyB:
.LFB0:
	.file 1 "msp4th.c"
	.loc 1 322 0
	sub	#2, r1
.LCFI0:
	.loc 1 324 0
	mov	&lineBufferPtr, r15
	add	#lineBuffer, r15
	mov.b	@r15, @r1
.LVL0:
	.loc 1 325 0
	cmp.b	#0, @r1
	jeq	.L2
	.loc 1 326 0
	add	#1, &lineBufferPtr
.L2:
	.loc 1 329 0
	mov.b	@r1, r15
	add	#2, r1
	ret
.LFE0:
.Lfe1:
	.size	getKeyB,.Lfe1-getKeyB
;; End of function 

	.p2align 1,0
.global	getLine
	.type	getLine,@function
/***********************
 * Function `getLine' 
 ***********************/
getLine:
.LFB1:
	.loc 1 333 0
	push	r11
.LCFI1:
	push	r10
.LCFI2:
	sub	#4, r1
.LCFI3:
	.loc 1 337 0
	mov	#0, &lineBufferPtr
	.loc 1 339 0
	mov.b	#13, r15
	call	#uart_putchar
	.loc 1 340 0
	mov.b	#10, r15
	call	#uart_putchar
	.loc 1 341 0
	mov.b	#62, r15
	call	#uart_putchar
	.loc 1 343 0
	mov	#1, 2(r1)
.LVL1:
	.loc 1 365 0
	mov	#126, r10
	.loc 1 344 0
	jmp	.L12
.LVL2:
.L9:
	.loc 1 345 0
	call	#uart_getchar
	mov.b	r15, @r1
	.loc 1 347 0
	mov.b	@r1, r11
	cmp.b	#8, r11
	jne	.L5
	.loc 1 348 0
	cmp	#0, &lineBufferPtr
	jeq	.L12
	.loc 1 349 0
	mov.b	r11, r15
	call	#uart_putchar
	.loc 1 350 0
	mov.b	#32, r15
	call	#uart_putchar
	.loc 1 351 0
	mov.b	r11, r15
	call	#uart_putchar
	.loc 1 352 0
	add	#llo(-1), &lineBufferPtr
	jmp	.L12
.L5:
	.loc 1 355 0
	mov.b	@r1, r15
	call	#uart_putchar
	.loc 1 356 0
	cmp.b	#13, @r1
	jeq	.L7
	.loc 1 356 0 is_stmt 0 discriminator 1
	cmp.b	#10, @r1
	jne	.L8
.L7:
	.loc 1 358 0 is_stmt 1
	mov	&lineBufferPtr, r15
	add	#lineBuffer, r15
	mov.b	#0, @r15
	jmp	.L13
.L8:
	.loc 1 362 0
	mov	&lineBufferPtr, r15
	mov.b	@r1, lineBuffer(r15)
	add	#1, r15
	mov	r15, &lineBufferPtr
	.loc 1 363 0
	mov	&lineBufferPtr, r15
	add	#lineBuffer, r15
	mov.b	#0, @r15
	.loc 1 365 0
	mov	&lineBufferPtr, r15
	cmp	r15, r10
	jhs	.L12
.L13:
	.loc 1 366 0
	mov	#0, 2(r1)
.L12:
	.loc 1 344 0 discriminator 1
	mov	2(r1), r11
	cmp	#0, r11
	jne	.L9
	.loc 1 371 0
	mov.b	#10, r15
	call	#uart_putchar
	.loc 1 372 0
	mov	r11, &lineBufferPtr
	.loc 1 373 0
	add	#4, r1
	pop	r10
	pop	r11
	ret
.LFE1:
.Lfe2:
	.size	getLine,.Lfe2-getLine
;; End of function 

	.p2align 1,0
.global	getWord
	.type	getWord,@function
/***********************
 * Function `getWord' 
 ***********************/
getWord:
.LFB2:
	.loc 1 377 0
	push	r11
.LCFI4:
	push	r10
.LCFI5:
	add	#llo(-6), r1
.LCFI6:
	.loc 1 382 0
	mov.b	#0, &wordBuffer
	.loc 1 388 0
	mov	#1, 4(r1)
.LVL3:
	.loc 1 393 0
	mov.b	#32, r10
	.loc 1 389 0
	jmp	.L24
.LVL4:
.L23:
	.loc 1 390 0
	mov	#0, 2(r1)
	.loc 1 391 0
	call	#getKeyB
	mov.b	r15, @r1
	.loc 1 393 0
	jmp	.L16
.L18:
	.loc 1 394 0
	call	#getKeyB
	mov.b	r15, @r1
	.loc 1 395 0
	mov.b	#97, r15
	call	#uart_putchar
.L16:
	.loc 1 393 0 discriminator 1
	mov.b	@r1, r15
	cmp.b	r15, r10
	jlo	.L17
	.loc 1 393 0 is_stmt 0 discriminator 2
	cmp.b	#0, @r1
	jne	.L18
.L17:
	.loc 1 399 0 is_stmt 1
	mov.b	@r1, r11
	cmp.b	#0, r11
	jne	.L19
	jmp	.L27
.L21:
	.loc 1 413 0
	mov.b	#98, r15
	call	#uart_putchar
	.loc 1 414 0
	mov	2(r1), r15
	mov.b	@r1, wordBuffer(r15)
	add	#1, r15
	mov	r15, 2(r1)
	.loc 1 416 0
	call	#getKeyB
	mov.b	r15, @r1
	jmp	.L26
.L19:
	.loc 1 412 0 discriminator 1
	mov.b	#32, r11
.L26:
	mov.b	@r1, r15
	cmp.b	r15, r11
	jlo	.L21
	.loc 1 420 0
	mov	2(r1), r15
	add	#wordBuffer, r15
	mov.b	#0, @r15
	.loc 1 421 0
	mov	#0, 4(r1)
	jmp	.L24
.L27:
	.loc 1 423 0
	mov.b	#99, r15
	call	#uart_putchar
	.loc 1 424 0
	mov.b	r11, &wordBuffer
	.loc 1 425 0
	call	#getLine
.L24:
	.loc 1 389 0 discriminator 1
	cmp	#0, 4(r1)
	jne	.L23
	.loc 1 428 0
	add	#6, r1
	pop	r10
	pop	r11
	ret
.LFE2:
.Lfe3:
	.size	getWord,.Lfe3-getWord
;; End of function 

	.p2align 1,0
.global	listFunction
	.type	listFunction,@function
/***********************
 * Function `listFunction' 
 ***********************/
listFunction:
.LFB3:
	.loc 1 431 0
	.loc 1 432 0
	mov	#cmdListBi, r15
	call	#uart_puts
	.loc 1 433 0
	mov	#cmdListBi2, r15
	call	#uart_puts
	.loc 1 434 0
	mov	#cmdList, r15
	call	#uart_puts
	.loc 1 435 0
	ret
.LFE3:
.Lfe4:
	.size	listFunction,.Lfe4-listFunction
;; End of function 

	.p2align 1,0
.global	popMathStack
	.type	popMathStack,@function
/***********************
 * Function `popMathStack' 
 ***********************/
popMathStack:
.LFB4:
	.loc 1 438 0
	add	#llo(-6), r1
.LCFI7:
	.loc 1 442 0
	mov	#1, 4(r1)
.LVL5:
	.loc 1 443 0
	mov	&mathStack, 2(r1)
.LVL6:
	.loc 1 447 0
	mov	#1, @r1
.LVL7:
	mov	#31, r13
	jmp	.L30
.L31:
	.loc 1 449 0 discriminator 2
	mov	@r1, r15
	rla	r15
	mov	@r1, r14
	rla	r14
	mov	mathStack(r14), mathStack+-2(r15)
	.loc 1 447 0 discriminator 2
	add	#1, @r1
.L30:
	.loc 1 447 0 is_stmt 0 discriminator 1
	mov	@r1, r15
	cmp	r15, r13
	jhs	.L31
	.loc 1 452 0 is_stmt 1
	mov	#0, 4(r1)
	.loc 1 454 0
	mov	2(r1), r15
	add	#6, r1
	ret
.LFE4:
.Lfe5:
	.size	popMathStack,.Lfe5-popMathStack
;; End of function 

	.p2align 1,0
.global	pushMathStack
	.type	pushMathStack,@function
/***********************
 * Function `pushMathStack' 
 ***********************/
pushMathStack:
.LFB5:
	.loc 1 457 0
.LVL8:
	sub	#4, r1
.LCFI8:
	.loc 1 462 0
	mov	#30, @r1
.LVL9:
	jmp	.L33
.LVL10:
.L34:
	.loc 1 463 0 discriminator 2
	mov	@r1, r14
	add	#llo(-1), r14
	mov	r14, 2(r1)
	.loc 1 464 0 discriminator 2
	mov	@r1, r14
	rla	r14
	mov	2(r1), r13
	rla	r13
	mov	mathStack(r13), mathStack(r14)
	.loc 1 462 0 discriminator 2
	add	#llo(-1), @r1
.L33:
	.loc 1 462 0 is_stmt 0 discriminator 1
	cmp	#0, @r1
	jne	.L34
	.loc 1 466 0 is_stmt 1
	mov	r15, &mathStack
	.loc 1 467 0
	add	#4, r1
	ret
.LFE5:
.Lfe6:
	.size	pushMathStack,.Lfe6-pushMathStack
;; End of function 

	.p2align 1,0
.global	popAddrStack
	.type	popAddrStack,@function
/***********************
 * Function `popAddrStack' 
 ***********************/
popAddrStack:
.LFB6:
	.loc 1 470 0
	sub	#2, r1
.LCFI9:
	.loc 1 472 0
	mov	&addrStackPtr, r15
	rla	r15
	mov	addrStack(r15), @r1
.LVL11:
	.loc 1 473 0
	add	#1, &addrStackPtr
	.loc 1 475 0
	mov	@r1, r15
	add	#2, r1
	ret
.LFE6:
.Lfe7:
	.size	popAddrStack,.Lfe7-popAddrStack
;; End of function 

	.p2align 1,0
.global	pushAddrStack
	.type	pushAddrStack,@function
/***********************
 * Function `pushAddrStack' 
 ***********************/
pushAddrStack:
.LFB7:
	.loc 1 478 0
.LVL12:
	.loc 1 479 0
	add	#llo(-1), &addrStackPtr
	.loc 1 480 0
	mov	&addrStackPtr, r14
	rla	r14
	mov	r15, addrStack(r14)
	.loc 1 481 0
	ret
.LFE7:
.Lfe8:
	.size	pushAddrStack,.Lfe8-pushAddrStack
;; End of function 

	.p2align 1,0
.global	lookupToken
	.type	lookupToken,@function
/***********************
 * Function `lookupToken' 
 ***********************/
lookupToken:
.LFB8:
	.loc 1 483 0
.LVL13:
	push	r11
.LCFI10:
	push	r10
.LCFI11:
	push	r9
.LCFI12:
	push	r8
.LCFI13:
	push	r7
.LCFI14:
	push	r6
.LCFI15:
	mov	r15, r8
.LVL14:
	.loc 1 487 0
	mov	#1, r12
	.loc 1 486 0
	mov	#0, r15
.LVL15:
	.loc 1 485 0
	mov	r15, r11
	.loc 1 488 0
	mov	r15, r13
	.loc 1 518 0
	mov.b	#32, r6
	.loc 1 489 0
	jmp	.L38
.LVL16:
.L52:
	.loc 1 490 0
	mov	r8, r7
	add	r11, r7
	mov.b	@r7, r7
	cmp.b	#0, r7
	jeq	.L39
	.loc 1 492 0
	cmp.b	#32, r10
	jne	.L40
.LVL17:
	.loc 1 495 0
	add	#1, r12
.LVL18:
	.loc 1 496 0
	mov.b	@r9, r10
	jmp	.L41
.L42:
	.loc 1 496 0 is_stmt 0 discriminator 2
	add	#1, r13
.LVL19:
.L41:
	.loc 1 483 0 is_stmt 1 discriminator 1
	mov	r14, r11
	add	r13, r11
	.loc 1 496 0 discriminator 1
	cmp.b	@r11, r10
	jlo	.L42
	jmp	.L56
.LVL20:
.L40:
	.loc 1 498 0
	cmp.b	r7, r10
	jne	.L53
	.loc 1 499 0
	add	#1, r11
.LVL21:
	jmp	.L43
.LVL22:
.L46:
	.loc 1 502 0 discriminator 2
	add	#1, r13
.LVL23:
	jmp	.L54
.LVL24:
.L53:
	.loc 1 502 0 is_stmt 0 discriminator 1
	mov.b	#32, r10
.LVL25:
.L54:
	.loc 1 483 0 is_stmt 1 discriminator 1
	mov	r14, r11
	add	r13, r11
	.loc 1 502 0 discriminator 1
	cmp.b	@r11, r10
	jlo	.L46
	.loc 1 503 0
	add	#1, r12
.LVL26:
	jmp	.L56
.LVL27:
.L39:
	.loc 1 508 0
	cmp.b	#32, r10
	jne	.L47
	jmp	.L55
.LVL28:
.L49:
	.loc 1 512 0
	add	#1, r13
.LVL29:
.L55:
	.loc 1 483 0 discriminator 1
	mov	r14, r15
	add	r13, r15
	.loc 1 511 0 discriminator 1
	cmp.b	#0, @r15
	jne	.L49
	.loc 1 510 0
	mov	r12, r15
	jmp	.L43
.LVL30:
.L47:
	.loc 1 517 0
	add	#1, r12
.LVL31:
	.loc 1 518 0
	jmp	.L50
.L51:
	.loc 1 518 0 is_stmt 0 discriminator 2
	add	#1, r13
.LVL32:
.L50:
	.loc 1 483 0 is_stmt 1 discriminator 1
	mov	r14, r11
	add	r13, r11
	.loc 1 518 0 discriminator 1
	cmp.b	@r11, r6
	jlo	.L51
.LVL33:
.L56:
	.loc 1 516 0
	mov	#0, r11
.LVL34:
.L43:
	.loc 1 522 0
	add	#1, r13
.LVL35:
.L38:
	.loc 1 489 0 discriminator 1
	mov	r14, r9
	add	r13, r9
	mov.b	@r9, r10
	cmp.b	#0, r10
	jne	.L52
	.loc 1 526 0
	pop	r6
	pop	r7
	pop	r8
.LVL36:
	pop	r9
	pop	r10
	pop	r11
.LVL37:
	ret
.LFE8:
.Lfe9:
	.size	lookupToken,.Lfe9-lookupToken
;; End of function 

	.p2align 1,0
.global	luFunc
	.type	luFunc,@function
/***********************
 * Function `luFunc' 
 ***********************/
luFunc:
.LFB9:
	.loc 1 528 0
	push	r11
.LCFI16:
	push	r10
.LCFI17:
	.loc 1 531 0
	mov	#cmdListBi, r14
	mov	#wordBuffer, r15
	call	#lookupToken
	mov	r15, r10
.LVL38:
	.loc 1 533 0
	cmp	#0, r15
	jeq	.L58
.LVL39:
	.loc 1 535 0
	add	#20000, r15
	jmp	.L62
.LVL40:
.L58:
	.loc 1 539 0
	mov	#cmdListBi2, r14
	mov	#wordBuffer, r15
	call	#lookupToken
	mov	r15, r11
.LVL41:
	.loc 1 540 0
	cmp	r10, r15
	jeq	.L60
.LVL42:
	.loc 1 542 0
	add	#10000, r15
	jmp	.L62
.LVL43:
.L60:
	.loc 1 545 0
	mov	#cmdList, r14
	mov	#wordBuffer, r15
	call	#lookupToken
.LVL44:
	.loc 1 546 0
	cmp	r11, r15
	jeq	.L61
.LVL45:
.L62:
	.loc 1 547 0
	call	#pushMathStack
	.loc 1 548 0
	mov	#1, r15
.L61:
	.loc 1 550 0
	call	#pushMathStack
	.loc 1 554 0
	pop	r10
	pop	r11
	ret
.LFE9:
.Lfe10:
	.size	luFunc,.Lfe10-luFunc
;; End of function 

	.p2align 1,0
.global	numFunc
	.type	numFunc,@function
/***********************
 * Function `numFunc' 
 ***********************/
numFunc:
.LFB10:
	.loc 1 557 0
	add	#llo(-6), r1
.LCFI18:
	.loc 1 565 0
	mov	#0, @r1
.LVL46:
	.loc 1 566 0
	mov	@r1, r15
	add	#wordBuffer, r15
	cmp.b	#45, @r15
	jne	.L64
	.loc 1 567 0
	add	#1, @r1
.L64:
	.loc 1 572 0
	mov	@r1, r15
	add	#wordBuffer, r15
	cmp.b	#48, @r15
	jlo	.L65
	.loc 1 572 0 is_stmt 0 discriminator 1
	mov	@r1, r14
	add	#wordBuffer, r14
	mov.b	#57, r15
	cmp.b	@r14, r15
	jlo	.L65
	.loc 1 575 0 is_stmt 1
	mov	#1, 2(r1)
.LVL47:
	.loc 1 577 0
	mov.b	&wordBuffer, r13
	cmp.b	#48, r13
	jne	.L66
	.loc 1 577 0 is_stmt 0 discriminator 1
	cmp.b	#120, &wordBuffer+1
	jne	.L66
	.loc 1 580 0 is_stmt 1
	mov	#2, @r1
	.loc 1 581 0
	mov	#0, 4(r1)
.LVL48:
	.loc 1 585 0
	mov.b	r15, r13
	.loc 1 582 0
	jmp	.L67
.L69:
	.loc 1 583 0
	mov	4(r1), r15
	rla	r15
	rla	r15
	rla	r15
	rla	r15
	mov	r15, 4(r1)
	.loc 1 584 0
	mov	4(r1), r15
	add	#llo(-48), r15
	mov	@r1, r14
	add	#wordBuffer, r14
	mov.b	@r14, r14
	add	r14, r15
	mov	r15, 4(r1)
	.loc 1 585 0
	mov	@r1, r14
	add	#wordBuffer, r14
	cmp.b	@r14, r13
	jhs	.L68
	.loc 1 586 0
	add	#llo(-7), 4(r1)
.L68:
	.loc 1 588 0
	add	#1, @r1
.L67:
	.loc 1 582 0 discriminator 1
	mov	@r1, r14
	add	#wordBuffer, r14
	cmp.b	#0, @r14
	jne	.L69
	jmp	.L70
.LVL49:
.L66:
	.loc 1 593 0
	mov	#0, 4(r1)
.LVL50:
	.loc 1 594 0
	jmp	.L71
.L72:
	.loc 1 595 0
	mov	4(r1), r14
	mov	r14, r15
	rla	r15
	rla	r15
	add	r14, r15
	rla	r15
	mov	r15, 4(r1)
	.loc 1 596 0
	mov	4(r1), r15
	add	#llo(-48), r15
	mov	@r1, r14
	add	#wordBuffer, r14
	mov.b	@r14, r14
	add	r14, r15
	mov	r15, 4(r1)
	.loc 1 597 0
	add	#1, @r1
.L71:
	.loc 1 594 0 discriminator 1
	mov	@r1, r15
	add	#wordBuffer, r15
	cmp.b	#0, @r15
	jne	.L72
	.loc 1 599 0
	cmp.b	#45, r13
	jne	.L70
	.loc 1 600 0
	mov	4(r1), r15
	inv	r15
.LVL51:
	add	#1, r15
.LVL52:
	mov	r15, 4(r1)
	jmp	.L70
.LVL53:
.L65:
	.loc 1 605 0
	mov	#0, 4(r1)
.LVL54:
	.loc 1 606 0
	mov	#0, 2(r1)
.LVL55:
.L70:
	.loc 1 610 0
	mov	4(r1), r15
	call	#pushMathStack
	.loc 1 612 0
	mov	2(r1), r15
	call	#pushMathStack
	.loc 1 614 0
	add	#6, r1
	ret
.LFE10:
.Lfe11:
	.size	numFunc,.Lfe11-numFunc
;; End of function 

	.p2align 1,0
.global	ifFunc
	.type	ifFunc,@function
/***********************
 * Function `ifFunc' 
 ***********************/
ifFunc:
.LFB11:
	.loc 1 616 0
.LVL56:
	add	#llo(-6), r1
.LCFI19:
	.loc 1 623 0
	mov	&progCounter, r14
	cmp	#10000, r14
	jlo	.L74
	.loc 1 624 0
	mov	&progCounter, r14
	add	#llo(-10000), r14
	mov	r14, 2(r1)
.LVL57:
	.loc 1 625 0
	mov	2(r1), r14
	rla	r14
	mov	progBi(r14), @r1
.LVL58:
	jmp	.L75
.LVL59:
.L74:
	.loc 1 627 0
	mov	&progCounter, r14
	rla	r14
	mov	prog(r14), @r1
.LVL60:
.L75:
	.loc 1 633 0
	add	#1, &progCounter
	.loc 1 635 0
	cmp	#1, r15
	jeq	.L78
.L76:
	.loc 1 643 0
	call	#popMathStack
.LVL61:
	mov	r15, 4(r1)
.LVL62:
	.loc 1 646 0
	cmp	#0, 4(r1)
	jne	.L73
.L78:
	.loc 1 647 0
	mov	@r1, &progCounter
.L73:
	.loc 1 652 0
	add	#6, r1
	ret
.LFE11:
.Lfe12:
	.size	ifFunc,.Lfe12-ifFunc
;; End of function 

	.p2align 1,0
.global	pushnFunc
	.type	pushnFunc,@function
/***********************
 * Function `pushnFunc' 
 ***********************/
pushnFunc:
.LFB12:
	.loc 1 654 0
	.loc 1 656 0
	mov	&progCounter, r15
	cmp	#10000, r15
	jlo	.L80
	.loc 1 657 0
	mov	&progCounter, r15
	rla	r15
	add	#progBi-20000, r15
	mov	@r15, r15
.LVL63:
	jmp	.L81
.LVL64:
.L80:
	.loc 1 659 0
	mov	&progCounter, r15
	rla	r15
	mov	prog(r15), r15
.LVL65:
.L81:
	.loc 1 661 0
	add	#1, &progCounter
	.loc 1 662 0
	call	#pushMathStack
.LVL66:
	.loc 1 663 0
	ret
.LFE12:
.Lfe13:
	.size	pushnFunc,.Lfe13-pushnFunc
;; End of function 

	.p2align 1,0
.global	overFunc
	.type	overFunc,@function
/***********************
 * Function `overFunc' 
 ***********************/
overFunc:
.LFB13:
	.loc 1 665 0
.LVL67:
	.loc 1 668 0
	mov	&mathStack+2, r15
	call	#pushMathStack
.LVL68:
	.loc 1 669 0
	ret
.LFE13:
.Lfe14:
	.size	overFunc,.Lfe14-overFunc
;; End of function 

	.p2align 1,0
.global	dfnFunc
	.type	dfnFunc,@function
/***********************
 * Function `dfnFunc' 
 ***********************/
dfnFunc:
.LFB14:
	.loc 1 671 0
.LVL69:
	.loc 1 671 0
	mov	#wordBuffer, r15
	.loc 1 675 0
	jmp	.L84
.LVL70:
.L85:
	.loc 1 676 0
	mov	&cmdListPtr, r13
	mov.b	r14, cmdList(r13)
	.loc 1 677 0
	add	#1, &cmdListPtr
.L84:
	.loc 1 675 0 discriminator 1
	mov.b	@r15, r14
	add	#1, r15
	cmp.b	#0, r14
	jne	.L85
	.loc 1 680 0
	mov	&cmdListPtr, r15
	mov.b	#32, cmdList(r15)
	.loc 1 681 0
	add	#1, &cmdListPtr
	.loc 1 682 0
	mov	&cmdListPtr, r15
	mov.b	r14, cmdList(r15)
	.loc 1 683 0
	mov	#cmdList, r14
	mov	#wordBuffer, r15
	call	#lookupToken
.LVL71:
	.loc 1 684 0
	rla	r15
.LVL72:
	mov	&progPtr, progOps(r15)
	.loc 1 685 0
	ret
.LFE14:
.Lfe15:
	.size	dfnFunc,.Lfe15-dfnFunc
;; End of function 

	.p2align 1,0
.global	printNumber
	.type	printNumber,@function
/***********************
 * Function `printNumber' 
 ***********************/
printNumber:
.LFB15:
	.loc 1 689 0
.LVL73:
	push	r11
.LCFI20:
	push	r10
.LCFI21:
	push	r9
.LCFI22:
	push	r8
.LCFI23:
	push	r7
.LCFI24:
	add	#llo(-12), r1
.LCFI25:
	mov	r15, r9
	.loc 1 699 0
	cmp	#0, r15
	jge	.L87
.LVL74:
	.loc 1 700 0
	mov.b	#45, r15
	call	#uart_putchar
	.loc 1 701 0
	inv	r9
.LVL75:
	add	#1, r9
.LVL76:
.L87:
	.loc 1 704 0
	mov	#0, @r1
.LVL77:
	.loc 1 713 0
	mov	r1, r7
	add	#4, r7
	.loc 1 716 0
	mov	#6, r8
.LVL78:
.L89:
	.loc 1 706 0 discriminator 1
	mov	r9, r12
	mov	#10, r10
	call	#__divmodhi4
	mov	r14, 2(r1)
	.loc 1 713 0 discriminator 1
	mov	@r1, r15
	mov	2(r1), r14
	add	r7, r15
	add.b	#48, r14
	mov.b	r14, @r15
	.loc 1 714 0 discriminator 1
	mov	r9, r12
	mov	#10, r10
	call	#__divmodhi4
	mov	r12, r9
.LVL79:
	.loc 1 715 0 discriminator 1
	add	#1, @r1
	.loc 1 716 0 discriminator 1
	cmp	#0, r12
	jeq	.L88
	mov	@r1, r15
	cmp	r15, r8
	jhs	.L89
.L88:
	.loc 1 721 0 discriminator 1
	mov	r1, r9
	add	#4, r9
.LVL80:
.L90:
	.loc 1 720 0 discriminator 1
	add	#llo(-1), @r1
	.loc 1 721 0 discriminator 1
	mov	r9, r15
	add	@r1, r15
	mov.b	@r15, r15
	call	#uart_putchar
	.loc 1 722 0 discriminator 1
	cmp	#0, @r1
	jne	.L90
	.loc 1 725 0
	mov.b	#32, r15
	call	#uart_putchar
	.loc 1 726 0
	add	#12, r1
	pop	r7
	pop	r8
	pop	r9
	pop	r10
	pop	r11
	ret
.LFE15:
.Lfe16:
	.size	printNumber,.Lfe16-printNumber
;; End of function 

	.p2align 1,0
.global	printHexChar
	.type	printHexChar,@function
/***********************
 * Function `printHexChar' 
 ***********************/
printHexChar:
.LFB16:
	.loc 1 728 0
.LVL81:
	.loc 1 729 0
	and	#15, r15
.LVL82:
	.loc 1 730 0
	cmp	#10, r15
	jl	.L94
	.loc 1 731 0
	add	#7, r15
.LVL83:
.L94:
	.loc 1 734 0
	add.b	#48, r15
.LVL84:
	call	#uart_putchar
	.loc 1 735 0
	ret
.LFE16:
.Lfe17:
	.size	printHexChar,.Lfe17-printHexChar
;; End of function 

	.p2align 1,0
.global	printHexByte
	.type	printHexByte,@function
/***********************
 * Function `printHexByte' 
 ***********************/
printHexByte:
.LFB17:
	.loc 1 737 0
.LVL85:
	push	r11
.LCFI26:
	.loc 1 738 0
	mov.b	r15, r11
.LVL86:
	.loc 1 739 0
	mov	r11, r14
	rra	r14
	rra	r14
	rra	r14
	mov	r14, r15
	clrc
	rrc	r15
	call	#printHexChar
	.loc 1 740 0
	mov	r11, r15
	call	#printHexChar
	.loc 1 741 0
	pop	r11
.LVL87:
	ret
.LFE17:
.Lfe18:
	.size	printHexByte,.Lfe18-printHexByte
;; End of function 

	.p2align 1,0
.global	printHexWord
	.type	printHexWord,@function
/***********************
 * Function `printHexWord' 
 ***********************/
printHexWord:
.LFB18:
	.loc 1 743 0
.LVL88:
	push	r11
.LCFI27:
	mov	r15, r11
	.loc 1 744 0
	mov	r15, r14
	swpb	r14
	sxt	r14
	mov	r14, r15
.LVL89:
	call	#printHexByte
	.loc 1 745 0
	mov	r11, r15
	call	#printHexByte
	.loc 1 746 0
	pop	r11
.LVL90:
	ret
.LFE18:
.Lfe19:
	.size	printHexWord,.Lfe19-printHexWord
;; End of function 

.LC0:
	.string	"prog mem"
	.p2align 1,0
.global	execN
	.type	execN,@function
/***********************
 * Function `execN' 
 ***********************/
execN:
.LFB20:
	.loc 1 772 0
.LVL91:
	push	r11
.LCFI28:
	push	r10
.LCFI29:
	sub	#8, r1
.LCFI30:
	.loc 1 778 0
	sub	#2, r15
.LVL92:
	cmp	#58, r15
	jlo	+4
	br	#.L97
	rla	r15
.LVL93:
	br	.L154(r15)	;	.L154
	.p2align 1,0
	.p2align 1,0
.L154:
	.word	.L99
	.word	.L100
	.word	.L101
	.word	.L102
	.word	.L103
	.word	.L104
	.word	.L105
	.word	.L106
	.word	.L107
	.word	.L108
	.word	.L109
	.word	.L110
	.word	.L111
	.word	.L112
	.word	.L113
	.word	.L114
	.word	.L115
	.word	.L116
	.word	.L117
	.word	.L118
	.word	.L119
	.word	.L97
	.word	.L97
	.word	.L120
	.word	.L121
	.word	.L122
	.word	.L123
	.word	.L97
	.word	.L124
	.word	.L125
	.word	.L126
	.word	.L127
	.word	.L128
	.word	.L129
	.word	.L130
	.word	.L131
	.word	.L132
	.word	.L133
	.word	.L134
	.word	.L135
	.word	.L136
	.word	.L137
	.word	.L138
	.word	.L139
	.word	.L140
	.word	.L148
	.word	.L142
	.word	.L143
	.word	.L144
	.word	.L145
	.word	.L146
	.word	.L147
	.word	.L148
	.word	.L149
	.word	.L150
	.word	.L151
	.word	.L152
	.word	.L153
.L99:
	.loc 1 786 0
	add	&mathStack, &mathStack+2
	jmp	.L168
.L100:
	.loc 1 791 0
	sub	&mathStack, &mathStack+2
.L168:
	.loc 1 792 0
	call	#popMathStack
	.loc 1 793 0
	br	#.L97
.L101:
	.loc 1 796 0
	mov	&mathStack+2, r10
	mov	&mathStack, r12
	call	#__mulhi3
	mov	r14, &mathStack+2
	jmp	.L168
.L102:
	.loc 1 801 0
	mov	&mathStack+2, r12
	mov	&mathStack, r10
	call	#__divmodhi4
	mov	r12, &mathStack+2
	jmp	.L168
.L103:
	.loc 1 806 0
	call	#popMathStack
	call	#printNumber
	.loc 1 807 0
	br	#.L97
.L104:
	.loc 1 810 0
	mov	&mathStack, r15
	br	#.L170
.L105:
	.loc 1 814 0
	call	#popMathStack
	mov	r15, @r1
.LVL94:
	.loc 1 815 0
	br	#.L97
.LVL95:
.L106:
	.loc 1 818 0
	mov	&mathStack, @r1
.LVL96:
	.loc 1 819 0
	mov	&mathStack+2, &mathStack
	.loc 1 820 0
	mov	@r1, &mathStack+2
	.loc 1 821 0
	br	#.L97
.LVL97:
.L107:
	.loc 1 824 0
	call	#popMathStack
	mov	r15, @r1
.LVL98:
	.loc 1 825 0
	mov	@r1, r15
	cmp	r15, &mathStack
	jge	.L173
	jmp	.L158
.LVL99:
.L108:
	.loc 1 833 0
	call	#popMathStack
	mov	r15, @r1
.LVL100:
	.loc 1 834 0
	cmp	&mathStack, @r1
	jge	.L173
	jmp	.L158
.LVL101:
.L109:
	.loc 1 842 0
	call	#popMathStack
	mov	r15, @r1
.LVL102:
	.loc 1 843 0
	cmp	@r1, &mathStack
	jne	.L173
	jmp	.L158
.LVL103:
.L110:
	.loc 1 851 0
	call	#popMathStack
	call	#printHexByte
	.loc 1 852 0
	br	#.L97
.L111:
	.loc 1 855 0
	call	#getWord
	.loc 1 856 0
	br	#.L97
.L112:
	.loc 1 859 0
	call	#dfnFunc
	.loc 1 860 0
	br	#.L97
.L113:
	.loc 1 865 0
	mov	#0, @r1
.LVL104:
	br	#.L178
.LVL105:
.L114:
	.loc 1 870 0
	mov	&progPtr, r11
	call	#popMathStack
	mov	r11, r14
	rla	r14
	mov	r15, prog(r14)
	.loc 1 871 0
	add	#1, &progPtr
	.loc 1 872 0
	mov	&progPtr, r15
	cmp	#256, r15
	jhs	+4
	br	#.L97
	.loc 1 873 0
	mov	#.LC0, r15
	jmp	.L174
.L115:
	.loc 1 878 0
	mov	&mathStack, @r1
.LVL106:
	.loc 1 879 0
	mov	@r1, r15
	rla	r15
	mov	prog(r15), &mathStack
	.loc 1 880 0
	br	#.L97
.LVL107:
.L116:
	.loc 1 883 0
	call	#popMathStack
	mov	r15, @r1
.LVL108:
	.loc 1 884 0
	call	#popMathStack
	mov	r15, 2(r1)
.LVL109:
	.loc 1 885 0
	mov	@r1, r15
	rla	r15
	mov	2(r1), prog(r15)
	.loc 1 886 0
	br	#.L97
.LVL110:
.L117:
	.loc 1 889 0
	cmp	#0, &mathStack
	jeq	.L158
.LVL111:
.L173:
	.loc 1 890 0
	mov	#0, &mathStack
	br	#.L97
.L158:
	.loc 1 892 0
	mov	#1, &mathStack
	br	#.L97
.LVL112:
.L118:
	.loc 1 897 0
	call	#listFunction
	.loc 1 898 0
	br	#.L97
.L119:
	.loc 1 901 0
	mov	#0, r15
	jmp	.L176
.L120:
	.loc 1 911 0
	mov	&progCounter, r15
	jmp	.L177
.L121:
	.loc 1 915 0
	call	#popAddrStack
	mov	r15, @r1
.LVL113:
	.loc 1 916 0
	call	#popMathStack
	mov	r15, 2(r1)
.LVL114:
	.loc 1 917 0
	cmp	#0, 2(r1)
	jeq	+4
	br	#.L97
	.loc 1 918 0
	add	#llo(-1), &addrStackPtr
	.loc 1 919 0
	mov	@r1, &progCounter
	br	#.L97
.LVL115:
.L122:
	.loc 1 924 0
	mov	#0, @r1
.LVL116:
	mov	#255, r14
	jmp	.L159
.L160:
	.loc 1 925 0 discriminator 2
	mov	@r1, r15
	rla	r15
	mov	#0, buckets(r15)
	.loc 1 924 0 discriminator 2
	add	#1, @r1
.L159:
	.loc 1 924 0 is_stmt 0 discriminator 1
	mov	@r1, r15
	cmp	r15, r14
	jge	.L160
	jmp	.L97
.LVL117:
.L123:
	.loc 1 930 0 is_stmt 1
	call	#popMathStack
	call	#printHexWord
	.loc 1 931 0
	jmp	.L97
.L124:
	.loc 1 938 0
	call	#numFunc
	.loc 1 939 0
	jmp	.L97
.L125:
	.loc 1 942 0
	mov	#0, r15
	jmp	.L170
.L126:
	.loc 1 946 0
	mov	#1, r15
.L176:
	call	#ifFunc
	.loc 1 947 0
	jmp	.L97
.L127:
	.loc 1 950 0
	call	#execFunc
	.loc 1 951 0
	jmp	.L97
.L128:
	.loc 1 954 0
	call	#luFunc
	.loc 1 955 0
	jmp	.L97
.L129:
	.loc 1 958 0
	call	#pushnFunc
	.loc 1 959 0
	jmp	.L97
.L130:
	.loc 1 962 0
	call	#overFunc
	.loc 1 963 0
	jmp	.L97
.L131:
	.loc 1 966 0
	mov	#1, r15
	jmp	.L170
.L132:
	.loc 1 970 0
	mov	#wordBuffer, r15
.L174:
	call	#uart_puts
	.loc 1 971 0
	jmp	.L97
.L133:
	.loc 1 974 0
	call	#popMathStack
	jmp	.L175
.L134:
	.loc 1 978 0
	mov	&progCounter, @r1
.LVL118:
	.loc 1 979 0
	call	#popAddrStack
	mov	r15, &progCounter
	.loc 1 980 0
	jmp	.L97
.LVL119:
.L135:
	.loc 1 983 0
	call	#popMathStack
	mov	r15, @r1
.LVL120:
	.loc 1 984 0
	rra	@r1
	.loc 1 985 0
	mov	@r1, r15
	rla	r15
	add	&dirMemory, r15
	jmp	.L179
.LVL121:
.L136:
	.loc 1 990 0
	call	#popMathStack
	mov	r15, @r1
.LVL122:
	.loc 1 991 0
	rra	@r1
	.loc 1 992 0
	call	#popMathStack
	mov	r15, 2(r1)
.LVL123:
	.loc 1 993 0
	mov	@r1, r15
	rla	r15
	add	&dirMemory, r15
	mov	2(r1), @r15
	.loc 1 994 0
	jmp	.L97
.LVL124:
.L137:
	.loc 1 997 0
	mov	&progPtr, r15
	jmp	.L170
.L138:
	.loc 1 1001 0
	call	#popMathStack
	mov	r15, @r1
.LVL125:
	.loc 1 1002 0
	call	#popMathStack
	mov	r15, 2(r1)
.LVL126:
	.loc 1 1003 0
	mov	&progCounter, 4(r1)
.LVL127:
	.loc 1 1005 0
	mov	2(r1), r15
	call	#pushAddrStack
	.loc 1 1006 0
	mov	@r1, r15
	call	#pushAddrStack
	.loc 1 1007 0
	mov	4(r1), r15
.L177:
	call	#pushAddrStack
	.loc 1 1008 0
	jmp	.L97
.LVL128:
.L139:
	.loc 1 1011 0
	call	#popAddrStack
	mov	r15, 2(r1)
.LVL129:
	.loc 1 1012 0
	call	#popAddrStack
	mov	r15, 4(r1)
.LVL130:
	.loc 1 1013 0
	call	#popAddrStack
	mov	r15, 6(r1)
.LVL131:
	.loc 1 1014 0
	add	#1, 4(r1)
	.loc 1 1015 0
	mov	4(r1), r14
	mov	6(r1), r15
	cmp	r15, r14
	jge	.L97
	.loc 1 1019 0
	mov	6(r1), r15
	call	#pushAddrStack
	.loc 1 1020 0
	mov	4(r1), r15
	call	#pushAddrStack
	.loc 1 1021 0
	mov	2(r1), r15
	call	#pushAddrStack
	.loc 1 1022 0
	mov	2(r1), &progCounter
	jmp	.L97
.LVL132:
.L140:
	.loc 1 1028 0
	mov	&addrStackPtr, r15
	rla	r15
	add	#addrStack+2, r15
.LVL133:
.L179:
	mov	@r15, 2(r1)
.LVL134:
	.loc 1 1029 0
	mov	2(r1), r15
	jmp	.L170
.LVL135:
.L142:
	.loc 1 1038 0
	call	#popMathStack
	mov	r15, @r1
.LVL136:
	.loc 1 1039 0
	call	#popMathStack
	mov	r15, 2(r1)
.LVL137:
	.loc 1 1041 0
	jmp	.L97
.LVL138:
.L143:
	.loc 1 1044 0
	and	&mathStack, &mathStack+2
	br	#.L168
.L144:
	.loc 1 1049 0
	bis	&mathStack, &mathStack+2
	br	#.L168
.L145:
	.loc 1 1054 0
	call	#popMathStack
	mov	r15, r11
.LVL139:
	.loc 1 1055 0
	call	#popMathStack
.LVL140:
	.loc 1 1057 0
	mov	r15, r10
	mov	&mathStack, r12
	call	#__mulhi3
.LVL141:
	mov	r14, r12
	mov	r11, r10
	call	#__divmodhi4
.LVL142:
	.loc 1 1058 0
	mov	r12, &mathStack
	.loc 1 1059 0
	jmp	.L97
.LVL143:
.L146:
	.loc 1 1062 0
	call	#uart_getchar
	mov.b	r15, r15
	jmp	.L170
.L147:
	.loc 1 1066 0
	mov.b	#13, r15
	call	#uart_putchar
	.loc 1 1067 0
	mov.b	#10, r15
.L175:
	call	#uart_putchar
	.loc 1 1068 0
	jmp	.L97
.L148:
	.loc 1 1071 0
	mov	&mathStack, @r1
.LVL144:
	.loc 1 1072 0
	mov	@r1, r15
	rla	r15
	mov	buckets(r15), &mathStack
	.loc 1 1073 0
	jmp	.L97
.LVL145:
.L149:
	.loc 1 1076 0
	mov	#0, @r1
.LVL146:
	mov	#259, r14
	jmp	.L161
.L162:
	.loc 1 1077 0 discriminator 2
	mov	@r1, r15
	rla	r15
	mov	#0, buckets(r15)
	.loc 1 1076 0 discriminator 2
	add	#1, @r1
.L161:
	.loc 1 1076 0 is_stmt 0 discriminator 1
	mov	@r1, r15
	cmp	r15, r14
	jge	.L162
	jmp	.L97
.LVL147:
.L150:
	.loc 1 1082 0 is_stmt 1
	mov	&fastTimer, @r1
.LVL148:
	jmp	.L169
.LVL149:
.L151:
	.loc 1 1088 0
	mov	&slowTimer, @r1
.LVL150:
.L169:
	.loc 1 1089 0
	rra	@r1
.L178:
	.loc 1 1090 0
	mov	@r1, r15
.LVL151:
.L170:
	call	#pushMathStack
	.loc 1 1091 0
	jmp	.L97
.LVL152:
.L152:
	.loc 1 1094 0
	mov	#256, @r1
.LVL153:
	mov	#259, r11
	jmp	.L163
.L164:
	.loc 1 1095 0 discriminator 2
	mov	@r1, r15
	rla	r15
	mov	buckets(r15), r15
	call	#printHexWord
	.loc 1 1096 0 discriminator 2
	mov.b	#32, r15
	call	#uart_putchar
	.loc 1 1094 0 discriminator 2
	add	#1, @r1
.L163:
	.loc 1 1094 0 is_stmt 0 discriminator 1
	mov	@r1, r15
	cmp	r15, r11
	jge	.L164
	jmp	.L97
.LVL154:
.L153:
	.loc 1 1101 0 is_stmt 1
	mov	#0, @r1
.LVL155:
	mov	#255, r11
	jmp	.L165
.L167:
	.loc 1 1102 0
	mov	@r1, r15
	rla	r15
	cmp	#0, buckets(r15)
	jeq	.L166
	.loc 1 1103 0
	mov	@r1, r15
	call	#printHexByte
	.loc 1 1104 0
	mov.b	#32, r15
	call	#uart_putchar
	.loc 1 1105 0
	mov	@r1, r15
	rla	r15
	mov	buckets(r15), r15
	call	#printHexWord
	.loc 1 1106 0
	mov.b	#13, r15
	call	#uart_putchar
	.loc 1 1107 0
	mov.b	#10, r15
	call	#uart_putchar
.L166:
	.loc 1 1101 0
	add	#1, @r1
.L165:
	.loc 1 1101 0 is_stmt 0 discriminator 1
	mov	@r1, r15
	cmp	r15, r11
	jge	.L167
.LVL156:
.L97:
	.loc 1 1160 0 is_stmt 1
	add	#8, r1
	pop	r10
	pop	r11
	ret
.LFE20:
.Lfe20:
	.size	execN,.Lfe20-execN
;; End of function 

	.p2align 1,0
.global	execFunc
	.type	execFunc,@function
/***********************
 * Function `execFunc' 
 ***********************/
execFunc:
.LFB19:
	.loc 1 748 0
	push	r11
.LCFI31:
	.loc 1 750 0
	call	#popMathStack
	mov	r15, r11
.LVL157:
	.loc 1 752 0
	cmp	#20000, r15
	jl	.L181
	.loc 1 755 0
	add	#llo(-20000), r15
.LVL158:
	call	#execN
	jmp	.L180
.L181:
	.loc 1 757 0
	cmp	#10000, r15
	jl	.L183
	.loc 1 759 0
	mov	&progCounter, r15
	call	#pushAddrStack
	.loc 1 760 0
	rla	r11
.LVL159:
	add	#cmdList2N-20000, r11
	mov	@r11, &progCounter
	jmp	.L180
.LVL160:
.L183:
	.loc 1 764 0
	mov	&progCounter, r15
	call	#pushAddrStack
	.loc 1 765 0
	rla	r11
.LVL161:
	mov	progOps(r11), &progCounter
.L180:
	.loc 1 769 0
	pop	r11
	ret
.LFE19:
.Lfe21:
	.size	execFunc,.Lfe21-execFunc
;; End of function 

.LC1:
	.string	"<-- RAM errors"
	.p2align 1,0
.global	init_msp4th
	.type	init_msp4th,@function
/***********************
 * Function `init_msp4th' 
 ***********************/
init_msp4th:
.LFB22:
	.loc 1 1173 0
	sub	#2, r1
.LCFI32:
.LBB4:
.LBB5:
	.loc 1 1166 0
/* #APP */
 ;  1166 "msp4th.c" 1
	mov r9, r15

 ;  0 "" 2
.LVL162:
/* #NOAPP */
.LBE5:
.LBE4:
	.loc 1 1177 0
	call	#printNumber
.LVL163:
	.loc 1 1178 0
	mov	#.LC1, r15
	call	#uart_puts
	.loc 1 1183 0
	mov	#64, &addrStackPtr
	.loc 1 1184 0
	mov	#10000, &progCounter
	.loc 1 1185 0
	mov	#1, &progPtr
	.loc 1 1186 0
	mov	#0, @r1
.LVL164:
	.loc 1 1187 0
	mov	#0, &cmdListPtr
	.loc 1 1188 0
	mov.b	#0, &cmdList
	.loc 1 1189 0
	mov	#1, &progOpsPtr
	.loc 1 1191 0
	mov	#0, &dirMemory
	.loc 1 1193 0
	mov	#0, &lineBufferPtr
	.loc 1 1194 0
	mov	#0, @r1
	mov	#127, r14
	jmp	.L185
.L186:
	.loc 1 1195 0 discriminator 2
	mov	@r1, r15
	add	#lineBuffer, r15
	mov.b	#0, @r15
	.loc 1 1194 0 discriminator 2
	add	#1, @r1
.L185:
	.loc 1 1194 0 is_stmt 0 discriminator 1
	mov	@r1, r15
	cmp	r15, r14
	jhs	.L186
	.loc 1 1198 0 is_stmt 1
	mov	#0, @r1
	mov	#31, r14
	jmp	.L187
.L188:
	.loc 1 1199 0 discriminator 2
	mov	@r1, r15
	add	#wordBuffer, r15
	mov.b	#0, @r15
	.loc 1 1198 0 discriminator 2
	add	#1, @r1
.L187:
	.loc 1 1198 0 is_stmt 0 discriminator 1
	mov	@r1, r15
	cmp	r15, r14
	jhs	.L188
	.loc 1 1202 0 is_stmt 1
	call	#getLine
	.loc 1 1203 0
	mov	#0, r15
	call	#pushMathStack
	.loc 1 1204 0
	add	#2, r1
	ret
.LFE22:
.Lfe22:
	.size	init_msp4th,.Lfe22-init_msp4th
;; End of function 

.LC2:
	.string	"processLoop()"
.LC3:
	.string	"<-- progCounter"
.LC4:
	.string	"<-- opcode"
	.p2align 1,0
.global	processLoop
	.type	processLoop,@function
/***********************
 * Function `processLoop' 
 ***********************/
processLoop:
.LFB23:
	.loc 1 1208 0
	push	r11
.LCFI33:
	push	r10
.LCFI34:
	sub	#4, r1
.LCFI35:
	.loc 1 1218 0
	mov	#9999, r10
	.loc 1 1230 0
	mov	#19999, r11
.LVL165:
.L195:
	.loc 1 1213 0
	mov	#.LC2, r15
	call	#uart_puts
	.loc 1 1215 0
	mov	&progCounter, r15
	call	#printNumber
	.loc 1 1216 0
	mov	#.LC3, r15
	call	#uart_puts
	.loc 1 1218 0
	mov	&progCounter, r15
	cmp	r15, r10
	jhs	.L191
	.loc 1 1219 0
	mov	&progCounter, r15
	add	#llo(-10000), r15
	mov	r15, 2(r1)
	.loc 1 1220 0
	mov	2(r1), r15
	rla	r15
	mov	progBi(r15), @r1
	jmp	.L192
.L191:
	.loc 1 1222 0
	mov	&progCounter, r15
	rla	r15
	mov	prog(r15), @r1
.L192:
	.loc 1 1225 0
	mov	@r1, r15
	call	#printNumber
	.loc 1 1226 0
	mov	#.LC4, r15
	call	#uart_puts
	.loc 1 1228 0
	add	#1, &progCounter
	.loc 1 1230 0
	mov	@r1, r15
	cmp	r15, r11
	jhs	.L193
	.loc 1 1232 0
	mov	@r1, r15
	add	#llo(-20000), r15
	call	#execN
	jmp	.L195
.L193:
	.loc 1 1234 0
	mov	&progCounter, r15
	call	#pushAddrStack
	.loc 1 1235 0
	mov	@r1, r15
	rla	r15
	mov	progOps(r15), &progCounter
	jmp	.L195
.LFE23:
.Lfe23:
	.size	processLoop,.Lfe23-processLoop
;; End of function 

.global	cmdListBi
	.type	cmdListBi,@object
	.size	cmdListBi,267
cmdListBi:
	.ascii	"exit + - * / . dup drop swap < > = .hb gw dfn keyt , p@ p! n"
	.ascii	"ot list if then else begin until clrb .h ] num push0 goto ex"
	.ascii	"ec lu pushn over push1 pwrd emit ; @ ! h@ do loop i b@ a! an"
	.ascii	"d or */ key cr hist hi"
	.string	"stclr fasttimer slowtimer stat hstat fec fecset fecbset fecbclr "
.global	cmdListBi2
	.type	cmdListBi2,@object
	.size	cmdListBi2,9
cmdListBi2:
	.string	"[ : var "
.global	cmdList2N
	.p2align 1,0
	.type	cmdList2N,@object
	.size	cmdList2N,8
cmdList2N:
	.word	0
	.word	10000
	.word	10032
	.word	10135
.global	progBi
	.p2align 1,0
	.type	progBi,@object
	.size	progBi,296
progBi:
	.word	20025
	.word	20014
	.word	20030
	.word	20022
	.word	10008
	.word	20031
	.word	20032
	.word	10030
	.word	20008
	.word	20034
	.word	20022
	.word	10026
	.word	20035
	.word	93
	.word	20036
	.word	20012
	.word	20022
	.word	10022
	.word	20008
	.word	20037
	.word	20032
	.word	10030
	.word	20033
	.word	20031
	.word	20032
	.word	10030
	.word	20035
	.word	63
	.word	20039
	.word	20031
	.word	20026
	.word	20040
	.word	20035
	.word	21845
	.word	20014
	.word	20015
	.word	20025
	.word	20014
	.word	20030
	.word	20022
	.word	10047
	.word	20035
	.word	20035
	.word	20017
	.word	20017
	.word	20031
	.word	20026
	.word	20008
	.word	20034
	.word	20020
	.word	20022
	.word	10058
	.word	20035
	.word	63
	.word	20039
	.word	20038
	.word	20031
	.word	20026
	.word	20035
	.word	20022
	.word	20036
	.word	20012
	.word	20022
	.word	10070
	.word	20017
	.word	20043
	.word	20007
	.word	20017
	.word	20031
	.word	20026
	.word	20035
	.word	20024
	.word	20036
	.word	20012
	.word	20022
	.word	10088
	.word	20035
	.word	20032
	.word	20017
	.word	20043
	.word	20009
	.word	20017
	.word	20009
	.word	20043
	.word	20009
	.word	20019
	.word	20031
	.word	20026
	.word	20035
	.word	20023
	.word	20036
	.word	20012
	.word	20022
	.word	10100
	.word	20008
	.word	20043
	.word	20009
	.word	20019
	.word	20031
	.word	20026
	.word	20035
	.word	10001
	.word	20036
	.word	20012
	.word	20022
	.word	10109
	.word	10001
	.word	20031
	.word	20026
	.word	20035
	.word	20040
	.word	20036
	.word	20012
	.word	20020
	.word	20022
	.word	10119
	.word	20017
	.word	20031
	.word	20026
	.word	20017
	.word	20035
	.word	21845
	.word	20012
	.word	20020
	.word	20022
	.word	10132
	.word	20035
	.word	63
	.word	20039
	.word	20035
	.word	115
	.word	20039
	.word	20037
	.word	20026
	.word	20040
	.word	20043
	.word	20031
	.word	20017
	.word	20014
	.word	20015
	.word	20035
	.word	20035
	.word	20017
	.word	20017
	.word	20035
	.word	20040
	.word	20017
	.word	20040
	.comm mathStack,64,2
	.comm addrStack,128,2
	.comm addrStackPtr,2,2
	.comm prog,512,2
	.comm progPtr,2,2
	.comm progOps,64,2
	.comm progOpsPtr,2,2
	.comm cmdList,128,2
	.comm cmdListPtr,2,2
	.comm fastTimer,2,2
	.comm slowTimer,2,2
	.comm dirMemory,2,2
	.comm buckets,520,2
	.comm progCounter,2,2
	.comm lineBuffer,128,2
	.comm lineBufferPtr,2,2
	.comm wordBuffer,32,2
	.section	.debug_frame,"",@progbits
.Lframe0:
	.4byte	.LECIE0-.LSCIE0
.LSCIE0:
	.4byte	0xffffffff
	.byte	0x1
	.string	""
	.uleb128 0x1
	.sleb128 -2
	.byte	0x0
	.byte	0xc
	.uleb128 0x1
	.uleb128 0x2
	.byte	0x80
	.uleb128 0x1
	.p2align 1,0
.LECIE0:
.LSFDE0:
	.4byte	.LEFDE0-.LASFDE0
.LASFDE0:
	.4byte	.Lframe0
	.2byte	.LFB0
	.2byte	.LFE0-.LFB0
	.byte	0x4
	.4byte	.LCFI0-.LFB0
	.byte	0xe
	.uleb128 0x4
	.p2align 1,0
.LEFDE0:
.LSFDE2:
	.4byte	.LEFDE2-.LASFDE2
.LASFDE2:
	.4byte	.Lframe0
	.2byte	.LFB1
	.2byte	.LFE1-.LFB1
	.byte	0x4
	.4byte	.LCFI1-.LFB1
	.byte	0xe
	.uleb128 0x4
	.byte	0x4
	.4byte	.LCFI2-.LCFI1
	.byte	0xe
	.uleb128 0x6
	.byte	0x4
	.4byte	.LCFI3-.LCFI2
	.byte	0xe
	.uleb128 0xa
	.byte	0x8a
	.uleb128 0x3
	.byte	0x8b
	.uleb128 0x2
	.p2align 1,0
.LEFDE2:
.LSFDE4:
	.4byte	.LEFDE4-.LASFDE4
.LASFDE4:
	.4byte	.Lframe0
	.2byte	.LFB2
	.2byte	.LFE2-.LFB2
	.byte	0x4
	.4byte	.LCFI4-.LFB2
	.byte	0xe
	.uleb128 0x4
	.byte	0x4
	.4byte	.LCFI5-.LCFI4
	.byte	0xe
	.uleb128 0x6
	.byte	0x4
	.4byte	.LCFI6-.LCFI5
	.byte	0xe
	.uleb128 0xc
	.byte	0x8a
	.uleb128 0x3
	.byte	0x8b
	.uleb128 0x2
	.p2align 1,0
.LEFDE4:
.LSFDE6:
	.4byte	.LEFDE6-.LASFDE6
.LASFDE6:
	.4byte	.Lframe0
	.2byte	.LFB3
	.2byte	.LFE3-.LFB3
	.p2align 1,0
.LEFDE6:
.LSFDE8:
	.4byte	.LEFDE8-.LASFDE8
.LASFDE8:
	.4byte	.Lframe0
	.2byte	.LFB4
	.2byte	.LFE4-.LFB4
	.byte	0x4
	.4byte	.LCFI7-.LFB4
	.byte	0xe
	.uleb128 0x8
	.p2align 1,0
.LEFDE8:
.LSFDE10:
	.4byte	.LEFDE10-.LASFDE10
.LASFDE10:
	.4byte	.Lframe0
	.2byte	.LFB5
	.2byte	.LFE5-.LFB5
	.byte	0x4
	.4byte	.LCFI8-.LFB5
	.byte	0xe
	.uleb128 0x6
	.p2align 1,0
.LEFDE10:
.LSFDE12:
	.4byte	.LEFDE12-.LASFDE12
.LASFDE12:
	.4byte	.Lframe0
	.2byte	.LFB6
	.2byte	.LFE6-.LFB6
	.byte	0x4
	.4byte	.LCFI9-.LFB6
	.byte	0xe
	.uleb128 0x4
	.p2align 1,0
.LEFDE12:
.LSFDE14:
	.4byte	.LEFDE14-.LASFDE14
.LASFDE14:
	.4byte	.Lframe0
	.2byte	.LFB7
	.2byte	.LFE7-.LFB7
	.p2align 1,0
.LEFDE14:
.LSFDE16:
	.4byte	.LEFDE16-.LASFDE16
.LASFDE16:
	.4byte	.Lframe0
	.2byte	.LFB8
	.2byte	.LFE8-.LFB8
	.byte	0x4
	.4byte	.LCFI10-.LFB8
	.byte	0xe
	.uleb128 0x4
	.byte	0x4
	.4byte	.LCFI11-.LCFI10
	.byte	0xe
	.uleb128 0x6
	.byte	0x4
	.4byte	.LCFI12-.LCFI11
	.byte	0xe
	.uleb128 0x8
	.byte	0x4
	.4byte	.LCFI13-.LCFI12
	.byte	0xe
	.uleb128 0xa
	.byte	0x4
	.4byte	.LCFI14-.LCFI13
	.byte	0xe
	.uleb128 0xc
	.byte	0x4
	.4byte	.LCFI15-.LCFI14
	.byte	0xe
	.uleb128 0xe
	.byte	0x86
	.uleb128 0x7
	.byte	0x87
	.uleb128 0x6
	.byte	0x88
	.uleb128 0x5
	.byte	0x89
	.uleb128 0x4
	.byte	0x8a
	.uleb128 0x3
	.byte	0x8b
	.uleb128 0x2
	.p2align 1,0
.LEFDE16:
.LSFDE18:
	.4byte	.LEFDE18-.LASFDE18
.LASFDE18:
	.4byte	.Lframe0
	.2byte	.LFB9
	.2byte	.LFE9-.LFB9
	.byte	0x4
	.4byte	.LCFI16-.LFB9
	.byte	0xe
	.uleb128 0x4
	.byte	0x4
	.4byte	.LCFI17-.LCFI16
	.byte	0xe
	.uleb128 0x6
	.byte	0x8a
	.uleb128 0x3
	.byte	0x8b
	.uleb128 0x2
	.p2align 1,0
.LEFDE18:
.LSFDE20:
	.4byte	.LEFDE20-.LASFDE20
.LASFDE20:
	.4byte	.Lframe0
	.2byte	.LFB10
	.2byte	.LFE10-.LFB10
	.byte	0x4
	.4byte	.LCFI18-.LFB10
	.byte	0xe
	.uleb128 0x8
	.p2align 1,0
.LEFDE20:
.LSFDE22:
	.4byte	.LEFDE22-.LASFDE22
.LASFDE22:
	.4byte	.Lframe0
	.2byte	.LFB11
	.2byte	.LFE11-.LFB11
	.byte	0x4
	.4byte	.LCFI19-.LFB11
	.byte	0xe
	.uleb128 0x8
	.p2align 1,0
.LEFDE22:
.LSFDE24:
	.4byte	.LEFDE24-.LASFDE24
.LASFDE24:
	.4byte	.Lframe0
	.2byte	.LFB12
	.2byte	.LFE12-.LFB12
	.p2align 1,0
.LEFDE24:
.LSFDE26:
	.4byte	.LEFDE26-.LASFDE26
.LASFDE26:
	.4byte	.Lframe0
	.2byte	.LFB13
	.2byte	.LFE13-.LFB13
	.p2align 1,0
.LEFDE26:
.LSFDE28:
	.4byte	.LEFDE28-.LASFDE28
.LASFDE28:
	.4byte	.Lframe0
	.2byte	.LFB14
	.2byte	.LFE14-.LFB14
	.p2align 1,0
.LEFDE28:
.LSFDE30:
	.4byte	.LEFDE30-.LASFDE30
.LASFDE30:
	.4byte	.Lframe0
	.2byte	.LFB15
	.2byte	.LFE15-.LFB15
	.byte	0x4
	.4byte	.LCFI20-.LFB15
	.byte	0xe
	.uleb128 0x4
	.byte	0x4
	.4byte	.LCFI21-.LCFI20
	.byte	0xe
	.uleb128 0x6
	.byte	0x4
	.4byte	.LCFI22-.LCFI21
	.byte	0xe
	.uleb128 0x8
	.byte	0x4
	.4byte	.LCFI23-.LCFI22
	.byte	0xe
	.uleb128 0xa
	.byte	0x4
	.4byte	.LCFI24-.LCFI23
	.byte	0xe
	.uleb128 0xc
	.byte	0x4
	.4byte	.LCFI25-.LCFI24
	.byte	0xe
	.uleb128 0x18
	.byte	0x87
	.uleb128 0x6
	.byte	0x88
	.uleb128 0x5
	.byte	0x89
	.uleb128 0x4
	.byte	0x8a
	.uleb128 0x3
	.byte	0x8b
	.uleb128 0x2
	.p2align 1,0
.LEFDE30:
.LSFDE32:
	.4byte	.LEFDE32-.LASFDE32
.LASFDE32:
	.4byte	.Lframe0
	.2byte	.LFB16
	.2byte	.LFE16-.LFB16
	.p2align 1,0
.LEFDE32:
.LSFDE34:
	.4byte	.LEFDE34-.LASFDE34
.LASFDE34:
	.4byte	.Lframe0
	.2byte	.LFB17
	.2byte	.LFE17-.LFB17
	.byte	0x4
	.4byte	.LCFI26-.LFB17
	.byte	0xe
	.uleb128 0x4
	.byte	0x8b
	.uleb128 0x2
	.p2align 1,0
.LEFDE34:
.LSFDE36:
	.4byte	.LEFDE36-.LASFDE36
.LASFDE36:
	.4byte	.Lframe0
	.2byte	.LFB18
	.2byte	.LFE18-.LFB18
	.byte	0x4
	.4byte	.LCFI27-.LFB18
	.byte	0xe
	.uleb128 0x4
	.byte	0x8b
	.uleb128 0x2
	.p2align 1,0
.LEFDE36:
.LSFDE38:
	.4byte	.LEFDE38-.LASFDE38
.LASFDE38:
	.4byte	.Lframe0
	.2byte	.LFB20
	.2byte	.LFE20-.LFB20
	.byte	0x4
	.4byte	.LCFI28-.LFB20
	.byte	0xe
	.uleb128 0x4
	.byte	0x4
	.4byte	.LCFI29-.LCFI28
	.byte	0xe
	.uleb128 0x6
	.byte	0x4
	.4byte	.LCFI30-.LCFI29
	.byte	0xe
	.uleb128 0xe
	.byte	0x8a
	.uleb128 0x3
	.byte	0x8b
	.uleb128 0x2
	.p2align 1,0
.LEFDE38:
.LSFDE40:
	.4byte	.LEFDE40-.LASFDE40
.LASFDE40:
	.4byte	.Lframe0
	.2byte	.LFB19
	.2byte	.LFE19-.LFB19
	.byte	0x4
	.4byte	.LCFI31-.LFB19
	.byte	0xe
	.uleb128 0x4
	.byte	0x8b
	.uleb128 0x2
	.p2align 1,0
.LEFDE40:
.LSFDE42:
	.4byte	.LEFDE42-.LASFDE42
.LASFDE42:
	.4byte	.Lframe0
	.2byte	.LFB22
	.2byte	.LFE22-.LFB22
	.byte	0x4
	.4byte	.LCFI32-.LFB22
	.byte	0xe
	.uleb128 0x4
	.p2align 1,0
.LEFDE42:
.LSFDE44:
	.4byte	.LEFDE44-.LASFDE44
.LASFDE44:
	.4byte	.Lframe0
	.2byte	.LFB23
	.2byte	.LFE23-.LFB23
	.byte	0x4
	.4byte	.LCFI33-.LFB23
	.byte	0xe
	.uleb128 0x4
	.byte	0x4
	.4byte	.LCFI34-.LCFI33
	.byte	0xe
	.uleb128 0x6
	.byte	0x4
	.4byte	.LCFI35-.LCFI34
	.byte	0xe
	.uleb128 0xa
	.byte	0x8a
	.uleb128 0x3
	.byte	0x8b
	.uleb128 0x2
	.p2align 1,0
.LEFDE44:
	.text
.Letext0:
	.section	.debug_loc,"",@progbits
.Ldebug_loc0:
.LLST0:
	.2byte	.LFB0-.Ltext0
	.2byte	.LCFI0-.Ltext0
	.2byte	0x2
	.byte	0x71
	.sleb128 2
	.2byte	.LCFI0-.Ltext0
	.2byte	.LFE0-.Ltext0
	.2byte	0x2
	.byte	0x71
	.sleb128 4
	.2byte	0x0
	.2byte	0x0
.LLST1:
	.2byte	.LFB1-.Ltext0
	.2byte	.LCFI1-.Ltext0
	.2byte	0x2
	.byte	0x71
	.sleb128 2
	.2byte	.LCFI1-.Ltext0
	.2byte	.LCFI2-.Ltext0
	.2byte	0x2
	.byte	0x71
	.sleb128 4
	.2byte	.LCFI2-.Ltext0
	.2byte	.LCFI3-.Ltext0
	.2byte	0x2
	.byte	0x71
	.sleb128 6
	.2byte	.LCFI3-.Ltext0
	.2byte	.LFE1-.Ltext0
	.2byte	0x2
	.byte	0x71
	.sleb128 10
	.2byte	0x0
	.2byte	0x0
.LLST2:
	.2byte	.LFB2-.Ltext0
	.2byte	.LCFI4-.Ltext0
	.2byte	0x2
	.byte	0x71
	.sleb128 2
	.2byte	.LCFI4-.Ltext0
	.2byte	.LCFI5-.Ltext0
	.2byte	0x2
	.byte	0x71
	.sleb128 4
	.2byte	.LCFI5-.Ltext0
	.2byte	.LCFI6-.Ltext0
	.2byte	0x2
	.byte	0x71
	.sleb128 6
	.2byte	.LCFI6-.Ltext0
	.2byte	.LFE2-.Ltext0
	.2byte	0x2
	.byte	0x71
	.sleb128 12
	.2byte	0x0
	.2byte	0x0
.LLST3:
	.2byte	.LFB4-.Ltext0
	.2byte	.LCFI7-.Ltext0
	.2byte	0x2
	.byte	0x71
	.sleb128 2
	.2byte	.LCFI7-.Ltext0
	.2byte	.LFE4-.Ltext0
	.2byte	0x2
	.byte	0x71
	.sleb128 8
	.2byte	0x0
	.2byte	0x0
.LLST4:
	.2byte	.LFB5-.Ltext0
	.2byte	.LCFI8-.Ltext0
	.2byte	0x2
	.byte	0x71
	.sleb128 2
	.2byte	.LCFI8-.Ltext0
	.2byte	.LFE5-.Ltext0
	.2byte	0x2
	.byte	0x71
	.sleb128 6
	.2byte	0x0
	.2byte	0x0
.LLST5:
	.2byte	.LFB6-.Ltext0
	.2byte	.LCFI9-.Ltext0
	.2byte	0x2
	.byte	0x71
	.sleb128 2
	.2byte	.LCFI9-.Ltext0
	.2byte	.LFE6-.Ltext0
	.2byte	0x2
	.byte	0x71
	.sleb128 4
	.2byte	0x0
	.2byte	0x0
.LLST6:
	.2byte	.LFB8-.Ltext0
	.2byte	.LCFI10-.Ltext0
	.2byte	0x2
	.byte	0x71
	.sleb128 2
	.2byte	.LCFI10-.Ltext0
	.2byte	.LCFI11-.Ltext0
	.2byte	0x2
	.byte	0x71
	.sleb128 4
	.2byte	.LCFI11-.Ltext0
	.2byte	.LCFI12-.Ltext0
	.2byte	0x2
	.byte	0x71
	.sleb128 6
	.2byte	.LCFI12-.Ltext0
	.2byte	.LCFI13-.Ltext0
	.2byte	0x2
	.byte	0x71
	.sleb128 8
	.2byte	.LCFI13-.Ltext0
	.2byte	.LCFI14-.Ltext0
	.2byte	0x2
	.byte	0x71
	.sleb128 10
	.2byte	.LCFI14-.Ltext0
	.2byte	.LCFI15-.Ltext0
	.2byte	0x2
	.byte	0x71
	.sleb128 12
	.2byte	.LCFI15-.Ltext0
	.2byte	.LFE8-.Ltext0
	.2byte	0x2
	.byte	0x71
	.sleb128 14
	.2byte	0x0
	.2byte	0x0
.LLST7:
	.2byte	.LVL13-.Ltext0
	.2byte	.LVL15-.Ltext0
	.2byte	0x1
	.byte	0x5f
	.2byte	.LVL15-.Ltext0
	.2byte	.LVL36-.Ltext0
	.2byte	0x1
	.byte	0x58
	.2byte	0x0
	.2byte	0x0
.LLST8:
	.2byte	.LVL14-.Ltext0
	.2byte	.LVL16-.Ltext0
	.2byte	0x2
	.byte	0x30
	.byte	0x9f
	.2byte	.LVL16-.Ltext0
	.2byte	.LVL19-.Ltext0
	.2byte	0x1
	.byte	0x5d
	.2byte	.LVL19-.Ltext0
	.2byte	.LVL23-.Ltext0
	.2byte	0x1
	.byte	0x5d
	.2byte	.LVL23-.Ltext0
	.2byte	.LVL29-.Ltext0
	.2byte	0x1
	.byte	0x5d
	.2byte	.LVL29-.Ltext0
	.2byte	.LVL32-.Ltext0
	.2byte	0x1
	.byte	0x5d
	.2byte	.LVL32-.Ltext0
	.2byte	.LVL35-.Ltext0
	.2byte	0x1
	.byte	0x5d
	.2byte	.LVL35-.Ltext0
	.2byte	.LFE8-.Ltext0
	.2byte	0x1
	.byte	0x5d
	.2byte	0x0
	.2byte	0x0
.LLST9:
	.2byte	.LVL14-.Ltext0
	.2byte	.LVL16-.Ltext0
	.2byte	0x2
	.byte	0x30
	.byte	0x9f
	.2byte	.LVL16-.Ltext0
	.2byte	.LVL17-.Ltext0
	.2byte	0x1
	.byte	0x5b
	.2byte	.LVL17-.Ltext0
	.2byte	.LVL20-.Ltext0
	.2byte	0x2
	.byte	0x30
	.byte	0x9f
	.2byte	.LVL20-.Ltext0
	.2byte	.LVL21-.Ltext0
	.2byte	0x1
	.byte	0x5b
	.2byte	.LVL21-.Ltext0
	.2byte	.LVL22-.Ltext0
	.2byte	0x1
	.byte	0x5b
	.2byte	.LVL24-.Ltext0
	.2byte	.LVL25-.Ltext0
	.2byte	0x1
	.byte	0x5b
	.2byte	.LVL27-.Ltext0
	.2byte	.LVL30-.Ltext0
	.2byte	0x1
	.byte	0x5b
	.2byte	.LVL30-.Ltext0
	.2byte	.LVL33-.Ltext0
	.2byte	0x2
	.byte	0x30
	.byte	0x9f
	.2byte	.LVL34-.Ltext0
	.2byte	.LVL35-.Ltext0
	.2byte	0x1
	.byte	0x5b
	.2byte	.LVL35-.Ltext0
	.2byte	.LVL37-.Ltext0
	.2byte	0x1
	.byte	0x5b
	.2byte	0x0
	.2byte	0x0
.LLST10:
	.2byte	.LVL14-.Ltext0
	.2byte	.LVL16-.Ltext0
	.2byte	0x2
	.byte	0x30
	.byte	0x9f
	.2byte	.LVL16-.Ltext0
	.2byte	.LVL28-.Ltext0
	.2byte	0x1
	.byte	0x5f
	.2byte	.LVL30-.Ltext0
	.2byte	.LVL34-.Ltext0
	.2byte	0x1
	.byte	0x5f
	.2byte	.LVL34-.Ltext0
	.2byte	.LVL35-.Ltext0
	.2byte	0x1
	.byte	0x5f
	.2byte	.LVL35-.Ltext0
	.2byte	.LFE8-.Ltext0
	.2byte	0x1
	.byte	0x5f
	.2byte	0x0
	.2byte	0x0
.LLST11:
	.2byte	.LVL14-.Ltext0
	.2byte	.LVL16-.Ltext0
	.2byte	0x2
	.byte	0x31
	.byte	0x9f
	.2byte	.LVL16-.Ltext0
	.2byte	.LVL18-.Ltext0
	.2byte	0x1
	.byte	0x5c
	.2byte	.LVL18-.Ltext0
	.2byte	.LVL26-.Ltext0
	.2byte	0x1
	.byte	0x5c
	.2byte	.LVL26-.Ltext0
	.2byte	.LVL31-.Ltext0
	.2byte	0x1
	.byte	0x5c
	.2byte	.LVL31-.Ltext0
	.2byte	.LVL35-.Ltext0
	.2byte	0x1
	.byte	0x5c
	.2byte	.LVL35-.Ltext0
	.2byte	.LFE8-.Ltext0
	.2byte	0x1
	.byte	0x5c
	.2byte	0x0
	.2byte	0x0
.LLST12:
	.2byte	.LFB9-.Ltext0
	.2byte	.LCFI16-.Ltext0
	.2byte	0x2
	.byte	0x71
	.sleb128 2
	.2byte	.LCFI16-.Ltext0
	.2byte	.LCFI17-.Ltext0
	.2byte	0x2
	.byte	0x71
	.sleb128 4
	.2byte	.LCFI17-.Ltext0
	.2byte	.LFE9-.Ltext0
	.2byte	0x2
	.byte	0x71
	.sleb128 6
	.2byte	0x0
	.2byte	0x0
.LLST13:
	.2byte	.LVL38-.Ltext0
	.2byte	.LVL39-.Ltext0
	.2byte	0x1
	.byte	0x5f
	.2byte	.LVL40-.Ltext0
	.2byte	.LVL41-.Ltext0
	.2byte	0x1
	.byte	0x5a
	.2byte	.LVL41-.Ltext0
	.2byte	.LVL42-.Ltext0
	.2byte	0x1
	.byte	0x5f
	.2byte	.LVL43-.Ltext0
	.2byte	.LVL44-.Ltext0
	.2byte	0x1
	.byte	0x5b
	.2byte	.LVL44-.Ltext0
	.2byte	.LVL45-.Ltext0
	.2byte	0x1
	.byte	0x5f
	.2byte	0x0
	.2byte	0x0
.LLST14:
	.2byte	.LFB10-.Ltext0
	.2byte	.LCFI18-.Ltext0
	.2byte	0x2
	.byte	0x71
	.sleb128 2
	.2byte	.LCFI18-.Ltext0
	.2byte	.LFE10-.Ltext0
	.2byte	0x2
	.byte	0x71
	.sleb128 8
	.2byte	0x0
	.2byte	0x0
.LLST15:
	.2byte	.LVL47-.Ltext0
	.2byte	.LVL53-.Ltext0
	.2byte	0x2
	.byte	0x91
	.sleb128 -6
	.2byte	.LVL55-.Ltext0
	.2byte	.LFE10-.Ltext0
	.2byte	0x2
	.byte	0x91
	.sleb128 -6
	.2byte	0x0
	.2byte	0x0
.LLST16:
	.2byte	.LVL48-.Ltext0
	.2byte	.LVL49-.Ltext0
	.2byte	0x2
	.byte	0x91
	.sleb128 -4
	.2byte	.LVL50-.Ltext0
	.2byte	.LVL51-.Ltext0
	.2byte	0x2
	.byte	0x91
	.sleb128 -4
	.2byte	.LVL52-.Ltext0
	.2byte	.LVL53-.Ltext0
	.2byte	0x1
	.byte	0x5f
	.2byte	.LVL54-.Ltext0
	.2byte	.LFE10-.Ltext0
	.2byte	0x2
	.byte	0x91
	.sleb128 -4
	.2byte	0x0
	.2byte	0x0
.LLST17:
	.2byte	.LFB11-.Ltext0
	.2byte	.LCFI19-.Ltext0
	.2byte	0x2
	.byte	0x71
	.sleb128 2
	.2byte	.LCFI19-.Ltext0
	.2byte	.LFE11-.Ltext0
	.2byte	0x2
	.byte	0x71
	.sleb128 8
	.2byte	0x0
	.2byte	0x0
.LLST18:
	.2byte	.LVL56-.Ltext0
	.2byte	.LVL61-1-.Ltext0
	.2byte	0x1
	.byte	0x5f
	.2byte	0x0
	.2byte	0x0
.LLST19:
	.2byte	.LVL58-.Ltext0
	.2byte	.LVL59-.Ltext0
	.2byte	0x2
	.byte	0x91
	.sleb128 -8
	.2byte	.LVL60-.Ltext0
	.2byte	.LFE11-.Ltext0
	.2byte	0x2
	.byte	0x91
	.sleb128 -8
	.2byte	0x0
	.2byte	0x0
.LLST20:
	.2byte	.LVL57-.Ltext0
	.2byte	.LVL59-.Ltext0
	.2byte	0x2
	.byte	0x91
	.sleb128 -6
	.2byte	.LVL60-.Ltext0
	.2byte	.LFE11-.Ltext0
	.2byte	0x2
	.byte	0x91
	.sleb128 -6
	.2byte	0x0
	.2byte	0x0
.LLST21:
	.2byte	.LVL63-.Ltext0
	.2byte	.LVL64-.Ltext0
	.2byte	0x1
	.byte	0x5f
	.2byte	.LVL65-.Ltext0
	.2byte	.LVL66-1-.Ltext0
	.2byte	0x1
	.byte	0x5f
	.2byte	0x0
	.2byte	0x0
.LLST22:
	.2byte	.LVL67-.Ltext0
	.2byte	.LVL68-1-.Ltext0
	.2byte	0x3
	.byte	0x3
	.2byte	mathStack+2
	.2byte	0x0
	.2byte	0x0
.LLST23:
	.2byte	.LVL69-.Ltext0
	.2byte	.LVL70-.Ltext0
	.2byte	0x2
	.byte	0x30
	.byte	0x9f
	.2byte	.LVL71-.Ltext0
	.2byte	.LVL72-.Ltext0
	.2byte	0x1
	.byte	0x5f
	.2byte	0x0
	.2byte	0x0
.LLST24:
	.2byte	.LFB15-.Ltext0
	.2byte	.LCFI20-.Ltext0
	.2byte	0x2
	.byte	0x71
	.sleb128 2
	.2byte	.LCFI20-.Ltext0
	.2byte	.LCFI21-.Ltext0
	.2byte	0x2
	.byte	0x71
	.sleb128 4
	.2byte	.LCFI21-.Ltext0
	.2byte	.LCFI22-.Ltext0
	.2byte	0x2
	.byte	0x71
	.sleb128 6
	.2byte	.LCFI22-.Ltext0
	.2byte	.LCFI23-.Ltext0
	.2byte	0x2
	.byte	0x71
	.sleb128 8
	.2byte	.LCFI23-.Ltext0
	.2byte	.LCFI24-.Ltext0
	.2byte	0x2
	.byte	0x71
	.sleb128 10
	.2byte	.LCFI24-.Ltext0
	.2byte	.LCFI25-.Ltext0
	.2byte	0x2
	.byte	0x71
	.sleb128 12
	.2byte	.LCFI25-.Ltext0
	.2byte	.LFE15-.Ltext0
	.2byte	0x2
	.byte	0x71
	.sleb128 24
	.2byte	0x0
	.2byte	0x0
.LLST25:
	.2byte	.LVL73-.Ltext0
	.2byte	.LVL74-.Ltext0
	.2byte	0x1
	.byte	0x5f
	.2byte	.LVL74-.Ltext0
	.2byte	.LVL75-.Ltext0
	.2byte	0x1
	.byte	0x59
	.2byte	.LVL75-.Ltext0
	.2byte	.LVL76-.Ltext0
	.2byte	0x4
	.byte	0x79
	.sleb128 0
	.byte	0x20
	.byte	0x9f
	.2byte	.LVL76-.Ltext0
	.2byte	.LVL79-.Ltext0
	.2byte	0x1
	.byte	0x59
	.2byte	.LVL79-.Ltext0
	.2byte	.LVL80-.Ltext0
	.2byte	0x1
	.byte	0x5c
	.2byte	0x0
	.2byte	0x0
.LLST26:
	.2byte	.LVL81-.Ltext0
	.2byte	.LVL82-.Ltext0
	.2byte	0x1
	.byte	0x5f
	.2byte	.LVL82-.Ltext0
	.2byte	.LVL83-.Ltext0
	.2byte	0x1
	.byte	0x5f
	.2byte	.LVL83-.Ltext0
	.2byte	.LVL84-.Ltext0
	.2byte	0x3
	.byte	0x7f
	.sleb128 48
	.byte	0x9f
	.2byte	0x0
	.2byte	0x0
.LLST27:
	.2byte	.LFB17-.Ltext0
	.2byte	.LCFI26-.Ltext0
	.2byte	0x2
	.byte	0x71
	.sleb128 2
	.2byte	.LCFI26-.Ltext0
	.2byte	.LFE17-.Ltext0
	.2byte	0x2
	.byte	0x71
	.sleb128 4
	.2byte	0x0
	.2byte	0x0
.LLST28:
	.2byte	.LVL85-.Ltext0
	.2byte	.LVL86-.Ltext0
	.2byte	0x1
	.byte	0x5f
	.2byte	.LVL86-.Ltext0
	.2byte	.LVL87-.Ltext0
	.2byte	0x1
	.byte	0x5b
	.2byte	0x0
	.2byte	0x0
.LLST29:
	.2byte	.LFB18-.Ltext0
	.2byte	.LCFI27-.Ltext0
	.2byte	0x2
	.byte	0x71
	.sleb128 2
	.2byte	.LCFI27-.Ltext0
	.2byte	.LFE18-.Ltext0
	.2byte	0x2
	.byte	0x71
	.sleb128 4
	.2byte	0x0
	.2byte	0x0
.LLST30:
	.2byte	.LVL88-.Ltext0
	.2byte	.LVL89-.Ltext0
	.2byte	0x1
	.byte	0x5f
	.2byte	.LVL89-.Ltext0
	.2byte	.LVL90-.Ltext0
	.2byte	0x1
	.byte	0x5b
	.2byte	0x0
	.2byte	0x0
.LLST31:
	.2byte	.LFB20-.Ltext0
	.2byte	.LCFI28-.Ltext0
	.2byte	0x2
	.byte	0x71
	.sleb128 2
	.2byte	.LCFI28-.Ltext0
	.2byte	.LCFI29-.Ltext0
	.2byte	0x2
	.byte	0x71
	.sleb128 4
	.2byte	.LCFI29-.Ltext0
	.2byte	.LCFI30-.Ltext0
	.2byte	0x2
	.byte	0x71
	.sleb128 6
	.2byte	.LCFI30-.Ltext0
	.2byte	.LFE20-.Ltext0
	.2byte	0x2
	.byte	0x71
	.sleb128 14
	.2byte	0x0
	.2byte	0x0
.LLST32:
	.2byte	.LVL91-.Ltext0
	.2byte	.LVL92-.Ltext0
	.2byte	0x1
	.byte	0x5f
	.2byte	.LVL92-.Ltext0
	.2byte	.LVL93-.Ltext0
	.2byte	0x3
	.byte	0x7f
	.sleb128 2
	.byte	0x9f
	.2byte	0x0
	.2byte	0x0
.LLST33:
	.2byte	.LVL94-.Ltext0
	.2byte	.LVL95-.Ltext0
	.2byte	0x2
	.byte	0x91
	.sleb128 -14
	.2byte	.LVL96-.Ltext0
	.2byte	.LVL97-.Ltext0
	.2byte	0x2
	.byte	0x91
	.sleb128 -14
	.2byte	.LVL98-.Ltext0
	.2byte	.LVL99-.Ltext0
	.2byte	0x2
	.byte	0x91
	.sleb128 -14
	.2byte	.LVL100-.Ltext0
	.2byte	.LVL101-.Ltext0
	.2byte	0x2
	.byte	0x91
	.sleb128 -14
	.2byte	.LVL102-.Ltext0
	.2byte	.LVL103-.Ltext0
	.2byte	0x2
	.byte	0x91
	.sleb128 -14
	.2byte	.LVL104-.Ltext0
	.2byte	.LVL105-.Ltext0
	.2byte	0x2
	.byte	0x91
	.sleb128 -14
	.2byte	.LVL106-.Ltext0
	.2byte	.LVL107-.Ltext0
	.2byte	0x2
	.byte	0x91
	.sleb128 -14
	.2byte	.LVL108-.Ltext0
	.2byte	.LVL110-.Ltext0
	.2byte	0x2
	.byte	0x91
	.sleb128 -14
	.2byte	.LVL111-.Ltext0
	.2byte	.LVL112-.Ltext0
	.2byte	0x2
	.byte	0x91
	.sleb128 -14
	.2byte	.LVL113-.Ltext0
	.2byte	.LVL115-.Ltext0
	.2byte	0x2
	.byte	0x91
	.sleb128 -14
	.2byte	.LVL116-.Ltext0
	.2byte	.LVL117-.Ltext0
	.2byte	0x2
	.byte	0x91
	.sleb128 -14
	.2byte	.LVL118-.Ltext0
	.2byte	.LVL119-.Ltext0
	.2byte	0x2
	.byte	0x91
	.sleb128 -14
	.2byte	.LVL120-.Ltext0
	.2byte	.LVL121-.Ltext0
	.2byte	0x2
	.byte	0x91
	.sleb128 -14
	.2byte	.LVL122-.Ltext0
	.2byte	.LVL124-.Ltext0
	.2byte	0x2
	.byte	0x91
	.sleb128 -14
	.2byte	.LVL125-.Ltext0
	.2byte	.LVL128-.Ltext0
	.2byte	0x2
	.byte	0x91
	.sleb128 -14
	.2byte	.LVL133-.Ltext0
	.2byte	.LVL135-.Ltext0
	.2byte	0x2
	.byte	0x91
	.sleb128 -14
	.2byte	.LVL136-.Ltext0
	.2byte	.LVL138-.Ltext0
	.2byte	0x2
	.byte	0x91
	.sleb128 -14
	.2byte	.LVL144-.Ltext0
	.2byte	.LVL145-.Ltext0
	.2byte	0x2
	.byte	0x91
	.sleb128 -14
	.2byte	.LVL146-.Ltext0
	.2byte	.LVL147-.Ltext0
	.2byte	0x2
	.byte	0x91
	.sleb128 -14
	.2byte	.LVL148-.Ltext0
	.2byte	.LVL149-.Ltext0
	.2byte	0x2
	.byte	0x91
	.sleb128 -14
	.2byte	.LVL150-.Ltext0
	.2byte	.LVL152-.Ltext0
	.2byte	0x2
	.byte	0x91
	.sleb128 -14
	.2byte	.LVL153-.Ltext0
	.2byte	.LVL154-.Ltext0
	.2byte	0x2
	.byte	0x91
	.sleb128 -14
	.2byte	.LVL155-.Ltext0
	.2byte	.LFE20-.Ltext0
	.2byte	0x2
	.byte	0x91
	.sleb128 -14
	.2byte	0x0
	.2byte	0x0
.LLST34:
	.2byte	.LVL109-.Ltext0
	.2byte	.LVL110-.Ltext0
	.2byte	0x2
	.byte	0x91
	.sleb128 -12
	.2byte	.LVL114-.Ltext0
	.2byte	.LVL115-.Ltext0
	.2byte	0x2
	.byte	0x91
	.sleb128 -12
	.2byte	.LVL123-.Ltext0
	.2byte	.LVL124-.Ltext0
	.2byte	0x2
	.byte	0x91
	.sleb128 -12
	.2byte	.LVL126-.Ltext0
	.2byte	.LVL128-.Ltext0
	.2byte	0x2
	.byte	0x91
	.sleb128 -12
	.2byte	.LVL129-.Ltext0
	.2byte	.LVL132-.Ltext0
	.2byte	0x2
	.byte	0x91
	.sleb128 -12
	.2byte	.LVL134-.Ltext0
	.2byte	.LVL135-.Ltext0
	.2byte	0x2
	.byte	0x91
	.sleb128 -12
	.2byte	.LVL137-.Ltext0
	.2byte	.LVL138-.Ltext0
	.2byte	0x2
	.byte	0x91
	.sleb128 -12
	.2byte	.LVL151-.Ltext0
	.2byte	.LVL152-.Ltext0
	.2byte	0x2
	.byte	0x91
	.sleb128 -12
	.2byte	.LVL156-.Ltext0
	.2byte	.LFE20-.Ltext0
	.2byte	0x2
	.byte	0x91
	.sleb128 -12
	.2byte	0x0
	.2byte	0x0
.LLST35:
	.2byte	.LVL127-.Ltext0
	.2byte	.LVL128-.Ltext0
	.2byte	0x2
	.byte	0x91
	.sleb128 -10
	.2byte	.LVL130-.Ltext0
	.2byte	.LVL132-.Ltext0
	.2byte	0x2
	.byte	0x91
	.sleb128 -10
	.2byte	.LVL156-.Ltext0
	.2byte	.LFE20-.Ltext0
	.2byte	0x2
	.byte	0x91
	.sleb128 -10
	.2byte	0x0
	.2byte	0x0
.LLST36:
	.2byte	.LVL131-.Ltext0
	.2byte	.LVL132-.Ltext0
	.2byte	0x2
	.byte	0x91
	.sleb128 -8
	.2byte	.LVL156-.Ltext0
	.2byte	.LFE20-.Ltext0
	.2byte	0x2
	.byte	0x91
	.sleb128 -8
	.2byte	0x0
	.2byte	0x0
.LLST37:
	.2byte	.LVL139-.Ltext0
	.2byte	.LVL140-1-.Ltext0
	.2byte	0x1
	.byte	0x5f
	.2byte	.LVL140-1-.Ltext0
	.2byte	.LVL142-.Ltext0
	.2byte	0x1
	.byte	0x5b
	.2byte	.LVL142-.Ltext0
	.2byte	.LVL143-.Ltext0
	.2byte	0x1
	.byte	0x5a
	.2byte	0x0
	.2byte	0x0
.LLST38:
	.2byte	.LVL140-.Ltext0
	.2byte	.LVL141-1-.Ltext0
	.2byte	0x1
	.byte	0x5f
	.2byte	.LVL141-1-.Ltext0
	.2byte	.LVL141-.Ltext0
	.2byte	0x1
	.byte	0x5a
	.2byte	0x0
	.2byte	0x0
.LLST39:
	.2byte	.LVL140-.Ltext0
	.2byte	.LVL141-1-.Ltext0
	.2byte	0x3
	.byte	0x3
	.2byte	mathStack
	.2byte	.LVL141-.Ltext0
	.2byte	.LVL142-.Ltext0
	.2byte	0x6
	.byte	0x7e
	.sleb128 0
	.byte	0x7b
	.sleb128 0
	.byte	0x1b
	.byte	0x9f
	.2byte	.LVL142-.Ltext0
	.2byte	.LVL143-.Ltext0
	.2byte	0x6
	.byte	0x7e
	.sleb128 0
	.byte	0x7a
	.sleb128 0
	.byte	0x1b
	.byte	0x9f
	.2byte	0x0
	.2byte	0x0
.LLST40:
	.2byte	.LFB19-.Ltext0
	.2byte	.LCFI31-.Ltext0
	.2byte	0x2
	.byte	0x71
	.sleb128 2
	.2byte	.LCFI31-.Ltext0
	.2byte	.LFE19-.Ltext0
	.2byte	0x2
	.byte	0x71
	.sleb128 4
	.2byte	0x0
	.2byte	0x0
.LLST41:
	.2byte	.LVL157-.Ltext0
	.2byte	.LVL158-.Ltext0
	.2byte	0x1
	.byte	0x5f
	.2byte	.LVL158-.Ltext0
	.2byte	.LVL159-.Ltext0
	.2byte	0x1
	.byte	0x5b
	.2byte	.LVL160-.Ltext0
	.2byte	.LVL161-.Ltext0
	.2byte	0x1
	.byte	0x5b
	.2byte	0x0
	.2byte	0x0
.LLST42:
	.2byte	.LFB22-.Ltext0
	.2byte	.LCFI32-.Ltext0
	.2byte	0x2
	.byte	0x71
	.sleb128 2
	.2byte	.LCFI32-.Ltext0
	.2byte	.LFE22-.Ltext0
	.2byte	0x2
	.byte	0x71
	.sleb128 4
	.2byte	0x0
	.2byte	0x0
.LLST43:
	.2byte	.LVL162-.Ltext0
	.2byte	.LVL163-1-.Ltext0
	.2byte	0x1
	.byte	0x5f
	.2byte	0x0
	.2byte	0x0
.LLST44:
	.2byte	.LFB23-.Ltext0
	.2byte	.LCFI33-.Ltext0
	.2byte	0x2
	.byte	0x71
	.sleb128 2
	.2byte	.LCFI33-.Ltext0
	.2byte	.LCFI34-.Ltext0
	.2byte	0x2
	.byte	0x71
	.sleb128 4
	.2byte	.LCFI34-.Ltext0
	.2byte	.LCFI35-.Ltext0
	.2byte	0x2
	.byte	0x71
	.sleb128 6
	.2byte	.LCFI35-.Ltext0
	.2byte	.LFE23-.Ltext0
	.2byte	0x2
	.byte	0x71
	.sleb128 10
	.2byte	0x0
	.2byte	0x0
	.file 2 "ns430.h"
	.section	.debug_info
	.4byte	0x8c9
	.2byte	0x2
	.4byte	.Ldebug_abbrev0
	.byte	0x2
	.uleb128 0x1
	.4byte	.LASF53
	.byte	0x1
	.4byte	.LASF54
	.4byte	.LASF55
	.2byte	.Ltext0
	.2byte	.Letext0
	.4byte	.Ldebug_line0
	.uleb128 0x2
	.4byte	.LASF2
	.byte	0x2
	.byte	0x4
	.4byte	0x2c
	.uleb128 0x3
	.byte	0x1
	.byte	0x8
	.4byte	.LASF0
	.uleb128 0x3
	.byte	0x1
	.byte	0x6
	.4byte	.LASF1
	.uleb128 0x2
	.4byte	.LASF3
	.byte	0x2
	.byte	0x6
	.4byte	0x45
	.uleb128 0x3
	.byte	0x2
	.byte	0x7
	.4byte	.LASF4
	.uleb128 0x2
	.4byte	.LASF5
	.byte	0x2
	.byte	0x7
	.4byte	0x57
	.uleb128 0x4
	.byte	0x2
	.byte	0x5
	.string	"int"
	.uleb128 0x2
	.4byte	.LASF6
	.byte	0x2
	.byte	0x9
	.4byte	0x21
	.uleb128 0x5
	.4byte	.LASF56
	.byte	0x1
	.2byte	0x48c
	.byte	0x1
	.4byte	0x4c
	.byte	0x3
	.4byte	0x88
	.uleb128 0x6
	.4byte	.LASF57
	.byte	0x1
	.2byte	0x48d
	.4byte	0x4c
	.byte	0x0
	.uleb128 0x7
	.byte	0x1
	.4byte	.LASF10
	.byte	0x1
	.2byte	0x142
	.byte	0x1
	.4byte	0x21
	.2byte	.LFB0
	.2byte	.LFE0
	.4byte	.LLST0
	.4byte	0xb0
	.uleb128 0x8
	.string	"c"
	.byte	0x1
	.2byte	0x143
	.4byte	0xb0
	.byte	0x2
	.byte	0x91
	.sleb128 -4
	.byte	0x0
	.uleb128 0x9
	.4byte	0x21
	.uleb128 0xa
	.byte	0x1
	.4byte	.LASF8
	.byte	0x1
	.2byte	0x14c
	.byte	0x1
	.2byte	.LFB1
	.2byte	.LFE1
	.4byte	.LLST1
	.4byte	0xe8
	.uleb128 0xb
	.4byte	.LASF7
	.byte	0x1
	.2byte	0x14e
	.4byte	0xe8
	.byte	0x2
	.byte	0x91
	.sleb128 -8
	.uleb128 0x8
	.string	"c"
	.byte	0x1
	.2byte	0x14f
	.4byte	0xb0
	.byte	0x2
	.byte	0x91
	.sleb128 -10
	.byte	0x0
	.uleb128 0x9
	.4byte	0x3a
	.uleb128 0xa
	.byte	0x1
	.4byte	.LASF9
	.byte	0x1
	.2byte	0x178
	.byte	0x1
	.2byte	.LFB2
	.2byte	.LFE2
	.4byte	.LLST2
	.4byte	0x12d
	.uleb128 0x8
	.string	"k"
	.byte	0x1
	.2byte	0x17a
	.4byte	0xe8
	.byte	0x2
	.byte	0x91
	.sleb128 -10
	.uleb128 0x8
	.string	"c"
	.byte	0x1
	.2byte	0x17b
	.4byte	0xb0
	.byte	0x2
	.byte	0x91
	.sleb128 -12
	.uleb128 0xb
	.4byte	.LASF7
	.byte	0x1
	.2byte	0x17c
	.4byte	0xe8
	.byte	0x2
	.byte	0x91
	.sleb128 -8
	.byte	0x0
	.uleb128 0xc
	.byte	0x1
	.4byte	.LASF58
	.byte	0x1
	.2byte	0x1ae
	.byte	0x1
	.2byte	.LFB3
	.2byte	.LFE3
	.byte	0x2
	.byte	0x71
	.sleb128 2
	.uleb128 0x7
	.byte	0x1
	.4byte	.LASF11
	.byte	0x1
	.2byte	0x1b5
	.byte	0x1
	.4byte	0x4c
	.2byte	.LFB4
	.2byte	.LFE4
	.4byte	.LLST3
	.4byte	0x180
	.uleb128 0x8
	.string	"i"
	.byte	0x1
	.2byte	0x1b7
	.4byte	0xe8
	.byte	0x2
	.byte	0x91
	.sleb128 -8
	.uleb128 0x8
	.string	"j"
	.byte	0x1
	.2byte	0x1b8
	.4byte	0x180
	.byte	0x2
	.byte	0x91
	.sleb128 -6
	.uleb128 0x8
	.string	"k"
	.byte	0x1
	.2byte	0x1b8
	.4byte	0x180
	.byte	0x2
	.byte	0x91
	.sleb128 -4
	.byte	0x0
	.uleb128 0x9
	.4byte	0x4c
	.uleb128 0xa
	.byte	0x1
	.4byte	.LASF12
	.byte	0x1
	.2byte	0x1c8
	.byte	0x1
	.2byte	.LFB5
	.2byte	.LFE5
	.4byte	.LLST4
	.4byte	0x1c4
	.uleb128 0xd
	.string	"n"
	.byte	0x1
	.2byte	0x1c8
	.4byte	0x4c
	.byte	0x1
	.byte	0x5f
	.uleb128 0x8
	.string	"i"
	.byte	0x1
	.2byte	0x1ca
	.4byte	0xe8
	.byte	0x2
	.byte	0x91
	.sleb128 -6
	.uleb128 0x8
	.string	"tmp"
	.byte	0x1
	.2byte	0x1cb
	.4byte	0xe8
	.byte	0x2
	.byte	0x91
	.sleb128 -4
	.byte	0x0
	.uleb128 0x7
	.byte	0x1
	.4byte	.LASF13
	.byte	0x1
	.2byte	0x1d5
	.byte	0x1
	.4byte	0x4c
	.2byte	.LFB6
	.2byte	.LFE6
	.4byte	.LLST5
	.4byte	0x1ec
	.uleb128 0x8
	.string	"j"
	.byte	0x1
	.2byte	0x1d7
	.4byte	0x180
	.byte	0x2
	.byte	0x91
	.sleb128 -4
	.byte	0x0
	.uleb128 0xe
	.byte	0x1
	.4byte	.LASF14
	.byte	0x1
	.2byte	0x1dd
	.byte	0x1
	.2byte	.LFB7
	.2byte	.LFE7
	.byte	0x2
	.byte	0x71
	.sleb128 2
	.4byte	0x20e
	.uleb128 0xd
	.string	"n"
	.byte	0x1
	.2byte	0x1dd
	.4byte	0x4c
	.byte	0x1
	.byte	0x5f
	.byte	0x0
	.uleb128 0x7
	.byte	0x1
	.4byte	.LASF15
	.byte	0x1
	.2byte	0x1e3
	.byte	0x1
	.4byte	0x4c
	.2byte	.LFB8
	.2byte	.LFE8
	.4byte	.LLST6
	.4byte	0x27b
	.uleb128 0xf
	.string	"x"
	.byte	0x1
	.2byte	0x1e3
	.4byte	0x27b
	.4byte	.LLST7
	.uleb128 0xd
	.string	"l"
	.byte	0x1
	.2byte	0x1e3
	.4byte	0x27b
	.byte	0x1
	.byte	0x5e
	.uleb128 0x10
	.string	"i"
	.byte	0x1
	.2byte	0x1e4
	.4byte	0x4c
	.4byte	.LLST8
	.uleb128 0x10
	.string	"j"
	.byte	0x1
	.2byte	0x1e4
	.4byte	0x4c
	.4byte	.LLST9
	.uleb128 0x10
	.string	"k"
	.byte	0x1
	.2byte	0x1e4
	.4byte	0x4c
	.4byte	.LLST10
	.uleb128 0x10
	.string	"n"
	.byte	0x1
	.2byte	0x1e4
	.4byte	0x4c
	.4byte	.LLST11
	.byte	0x0
	.uleb128 0x11
	.byte	0x2
	.4byte	0x21
	.uleb128 0xa
	.byte	0x1
	.4byte	.LASF16
	.byte	0x1
	.2byte	0x210
	.byte	0x1
	.2byte	.LFB9
	.2byte	.LFE9
	.4byte	.LLST12
	.4byte	0x2a6
	.uleb128 0x10
	.string	"i"
	.byte	0x1
	.2byte	0x211
	.4byte	0x4c
	.4byte	.LLST13
	.byte	0x0
	.uleb128 0xa
	.byte	0x1
	.4byte	.LASF17
	.byte	0x1
	.2byte	0x22c
	.byte	0x1
	.2byte	.LFB10
	.2byte	.LFE10
	.4byte	.LLST14
	.4byte	0x2e6
	.uleb128 0x8
	.string	"i"
	.byte	0x1
	.2byte	0x22e
	.4byte	0xe8
	.byte	0x2
	.byte	0x91
	.sleb128 -8
	.uleb128 0x10
	.string	"j"
	.byte	0x1
	.2byte	0x22f
	.4byte	0x180
	.4byte	.LLST15
	.uleb128 0x10
	.string	"n"
	.byte	0x1
	.2byte	0x230
	.4byte	0x180
	.4byte	.LLST16
	.byte	0x0
	.uleb128 0xa
	.byte	0x1
	.4byte	.LASF18
	.byte	0x1
	.2byte	0x268
	.byte	0x1
	.2byte	.LFB11
	.2byte	.LFE11
	.4byte	.LLST17
	.4byte	0x338
	.uleb128 0xf
	.string	"x"
	.byte	0x1
	.2byte	0x268
	.4byte	0x4c
	.4byte	.LLST18
	.uleb128 0x12
	.4byte	.LASF19
	.byte	0x1
	.2byte	0x269
	.4byte	0xe8
	.4byte	.LLST19
	.uleb128 0x10
	.string	"tmp"
	.byte	0x1
	.2byte	0x26a
	.4byte	0xe8
	.4byte	.LLST20
	.uleb128 0x8
	.string	"i"
	.byte	0x1
	.2byte	0x26b
	.4byte	0x180
	.byte	0x2
	.byte	0x91
	.sleb128 -4
	.byte	0x0
	.uleb128 0xe
	.byte	0x1
	.4byte	.LASF20
	.byte	0x1
	.2byte	0x28e
	.byte	0x1
	.2byte	.LFB12
	.2byte	.LFE12
	.byte	0x2
	.byte	0x71
	.sleb128 2
	.4byte	0x35c
	.uleb128 0x10
	.string	"i"
	.byte	0x1
	.2byte	0x28f
	.4byte	0x4c
	.4byte	.LLST21
	.byte	0x0
	.uleb128 0xe
	.byte	0x1
	.4byte	.LASF21
	.byte	0x1
	.2byte	0x299
	.byte	0x1
	.2byte	.LFB13
	.2byte	.LFE13
	.byte	0x2
	.byte	0x71
	.sleb128 2
	.4byte	0x380
	.uleb128 0x10
	.string	"i"
	.byte	0x1
	.2byte	0x29a
	.4byte	0x4c
	.4byte	.LLST22
	.byte	0x0
	.uleb128 0xe
	.byte	0x1
	.4byte	.LASF22
	.byte	0x1
	.2byte	0x29f
	.byte	0x1
	.2byte	.LFB14
	.2byte	.LFE14
	.byte	0x2
	.byte	0x71
	.sleb128 2
	.4byte	0x3a4
	.uleb128 0x10
	.string	"i"
	.byte	0x1
	.2byte	0x2a0
	.4byte	0x3a
	.4byte	.LLST23
	.byte	0x0
	.uleb128 0xa
	.byte	0x1
	.4byte	.LASF23
	.byte	0x1
	.2byte	0x2b0
	.byte	0x1
	.2byte	.LFB15
	.2byte	.LFE15
	.4byte	.LLST24
	.4byte	0x3f2
	.uleb128 0xf
	.string	"n"
	.byte	0x1
	.2byte	0x2b0
	.4byte	0x4c
	.4byte	.LLST25
	.uleb128 0x8
	.string	"i"
	.byte	0x1
	.2byte	0x2b2
	.4byte	0xe8
	.byte	0x2
	.byte	0x91
	.sleb128 -24
	.uleb128 0x8
	.string	"rem"
	.byte	0x1
	.2byte	0x2b3
	.4byte	0x180
	.byte	0x2
	.byte	0x91
	.sleb128 -22
	.uleb128 0x8
	.string	"x"
	.byte	0x1
	.2byte	0x2b5
	.4byte	0x3f2
	.byte	0x2
	.byte	0x91
	.sleb128 -20
	.byte	0x0
	.uleb128 0x13
	.4byte	0x21
	.4byte	0x402
	.uleb128 0x14
	.4byte	0x45
	.byte	0x6
	.byte	0x0
	.uleb128 0xe
	.byte	0x1
	.4byte	.LASF24
	.byte	0x1
	.2byte	0x2d8
	.byte	0x1
	.2byte	.LFB16
	.2byte	.LFE16
	.byte	0x2
	.byte	0x71
	.sleb128 2
	.4byte	0x426
	.uleb128 0xf
	.string	"n"
	.byte	0x1
	.2byte	0x2d8
	.4byte	0x4c
	.4byte	.LLST26
	.byte	0x0
	.uleb128 0xa
	.byte	0x1
	.4byte	.LASF25
	.byte	0x1
	.2byte	0x2e1
	.byte	0x1
	.2byte	.LFB17
	.2byte	.LFE17
	.4byte	.LLST27
	.4byte	0x44b
	.uleb128 0xf
	.string	"n"
	.byte	0x1
	.2byte	0x2e1
	.4byte	0x4c
	.4byte	.LLST28
	.byte	0x0
	.uleb128 0xa
	.byte	0x1
	.4byte	.LASF26
	.byte	0x1
	.2byte	0x2e7
	.byte	0x1
	.2byte	.LFB18
	.2byte	.LFE18
	.4byte	.LLST29
	.4byte	0x470
	.uleb128 0xf
	.string	"n"
	.byte	0x1
	.2byte	0x2e7
	.4byte	0x4c
	.4byte	.LLST30
	.byte	0x0
	.uleb128 0xa
	.byte	0x1
	.4byte	.LASF27
	.byte	0x1
	.2byte	0x304
	.byte	0x1
	.2byte	.LFB20
	.2byte	.LFE20
	.4byte	.LLST31
	.4byte	0x4f7
	.uleb128 0xf
	.string	"n"
	.byte	0x1
	.2byte	0x304
	.4byte	0x4c
	.4byte	.LLST32
	.uleb128 0x10
	.string	"i"
	.byte	0x1
	.2byte	0x305
	.4byte	0x180
	.4byte	.LLST33
	.uleb128 0x10
	.string	"j"
	.byte	0x1
	.2byte	0x305
	.4byte	0x180
	.4byte	.LLST34
	.uleb128 0x10
	.string	"k"
	.byte	0x1
	.2byte	0x305
	.4byte	0x180
	.4byte	.LLST35
	.uleb128 0x10
	.string	"m"
	.byte	0x1
	.2byte	0x305
	.4byte	0x180
	.4byte	.LLST36
	.uleb128 0x10
	.string	"x"
	.byte	0x1
	.2byte	0x306
	.4byte	0x4c
	.4byte	.LLST37
	.uleb128 0x10
	.string	"y"
	.byte	0x1
	.2byte	0x306
	.4byte	0x4c
	.4byte	.LLST38
	.uleb128 0x10
	.string	"z"
	.byte	0x1
	.2byte	0x306
	.4byte	0x4c
	.4byte	.LLST39
	.byte	0x0
	.uleb128 0xa
	.byte	0x1
	.4byte	.LASF28
	.byte	0x1
	.2byte	0x2ec
	.byte	0x1
	.2byte	.LFB19
	.2byte	.LFE19
	.4byte	.LLST40
	.4byte	0x51e
	.uleb128 0x12
	.4byte	.LASF29
	.byte	0x1
	.2byte	0x2ed
	.4byte	0x4c
	.4byte	.LLST41
	.byte	0x0
	.uleb128 0xa
	.byte	0x1
	.4byte	.LASF30
	.byte	0x1
	.2byte	0x494
	.byte	0x1
	.2byte	.LFB22
	.2byte	.LFE22
	.4byte	.LLST42
	.4byte	0x55e
	.uleb128 0x8
	.string	"i"
	.byte	0x1
	.2byte	0x496
	.4byte	0xe8
	.byte	0x2
	.byte	0x91
	.sleb128 -4
	.uleb128 0x15
	.4byte	0x69
	.2byte	.LBB4
	.2byte	.LBE4
	.byte	0x1
	.2byte	0x499
	.uleb128 0x16
	.2byte	.LBB5
	.2byte	.LBE5
	.uleb128 0x17
	.4byte	0x7b
	.4byte	.LLST43
	.byte	0x0
	.byte	0x0
	.byte	0x0
	.uleb128 0xa
	.byte	0x1
	.4byte	.LASF31
	.byte	0x1
	.2byte	0x4b7
	.byte	0x1
	.2byte	.LFB23
	.2byte	.LFE23
	.4byte	.LLST44
	.4byte	0x593
	.uleb128 0xb
	.4byte	.LASF29
	.byte	0x1
	.2byte	0x4b9
	.4byte	0xe8
	.byte	0x2
	.byte	0x91
	.sleb128 -10
	.uleb128 0x8
	.string	"tmp"
	.byte	0x1
	.2byte	0x4ba
	.4byte	0xe8
	.byte	0x2
	.byte	0x91
	.sleb128 -8
	.byte	0x0
	.uleb128 0x13
	.4byte	0x21
	.4byte	0x5a4
	.uleb128 0x18
	.4byte	0x45
	.2byte	0x10a
	.byte	0x0
	.uleb128 0x19
	.4byte	.LASF32
	.byte	0x1
	.byte	0x45
	.4byte	0x5b1
	.byte	0x1
	.byte	0x1
	.uleb128 0x1a
	.4byte	0x593
	.uleb128 0x13
	.4byte	0x21
	.4byte	0x5c6
	.uleb128 0x14
	.4byte	0x45
	.byte	0x8
	.byte	0x0
	.uleb128 0x19
	.4byte	.LASF33
	.byte	0x1
	.byte	0x57
	.4byte	0x5d3
	.byte	0x1
	.byte	0x1
	.uleb128 0x1a
	.4byte	0x5b6
	.uleb128 0x13
	.4byte	0x4c
	.4byte	0x5e8
	.uleb128 0x14
	.4byte	0x45
	.byte	0x3
	.byte	0x0
	.uleb128 0x19
	.4byte	.LASF34
	.byte	0x1
	.byte	0x5b
	.4byte	0x5f5
	.byte	0x1
	.byte	0x1
	.uleb128 0x1a
	.4byte	0x5d8
	.uleb128 0x13
	.4byte	0x4c
	.4byte	0x60a
	.uleb128 0x14
	.4byte	0x45
	.byte	0x1f
	.byte	0x0
	.uleb128 0x19
	.4byte	.LASF35
	.byte	0x1
	.byte	0x5f
	.4byte	0x5fa
	.byte	0x1
	.byte	0x1
	.uleb128 0x13
	.4byte	0x4c
	.4byte	0x627
	.uleb128 0x14
	.4byte	0x45
	.byte	0x3f
	.byte	0x0
	.uleb128 0x19
	.4byte	.LASF36
	.byte	0x1
	.byte	0x61
	.4byte	0x617
	.byte	0x1
	.byte	0x1
	.uleb128 0x19
	.4byte	.LASF37
	.byte	0x1
	.byte	0x62
	.4byte	0xe8
	.byte	0x1
	.byte	0x1
	.uleb128 0x13
	.4byte	0x4c
	.4byte	0x651
	.uleb128 0x14
	.4byte	0x45
	.byte	0xff
	.byte	0x0
	.uleb128 0x19
	.4byte	.LASF38
	.byte	0x1
	.byte	0x64
	.4byte	0x641
	.byte	0x1
	.byte	0x1
	.uleb128 0x19
	.4byte	.LASF39
	.byte	0x1
	.byte	0x65
	.4byte	0xe8
	.byte	0x1
	.byte	0x1
	.uleb128 0x19
	.4byte	.LASF40
	.byte	0x1
	.byte	0x66
	.4byte	0x5fa
	.byte	0x1
	.byte	0x1
	.uleb128 0x19
	.4byte	.LASF41
	.byte	0x1
	.byte	0x67
	.4byte	0xe8
	.byte	0x1
	.byte	0x1
	.uleb128 0x13
	.4byte	0x21
	.4byte	0x695
	.uleb128 0x14
	.4byte	0x45
	.byte	0x7f
	.byte	0x0
	.uleb128 0x19
	.4byte	.LASF42
	.byte	0x1
	.byte	0x68
	.4byte	0x685
	.byte	0x1
	.byte	0x1
	.uleb128 0x19
	.4byte	.LASF43
	.byte	0x1
	.byte	0x69
	.4byte	0xe8
	.byte	0x1
	.byte	0x1
	.uleb128 0x19
	.4byte	.LASF44
	.byte	0x1
	.byte	0x6b
	.4byte	0x4c
	.byte	0x1
	.byte	0x1
	.uleb128 0x19
	.4byte	.LASF45
	.byte	0x1
	.byte	0x6c
	.4byte	0x4c
	.byte	0x1
	.byte	0x1
	.uleb128 0x19
	.4byte	.LASF46
	.byte	0x1
	.byte	0x6e
	.4byte	0x6d6
	.byte	0x1
	.byte	0x1
	.uleb128 0x11
	.byte	0x2
	.4byte	0x4c
	.uleb128 0x13
	.4byte	0x3a
	.4byte	0x6ed
	.uleb128 0x18
	.4byte	0x45
	.2byte	0x103
	.byte	0x0
	.uleb128 0x19
	.4byte	.LASF47
	.byte	0x1
	.byte	0x70
	.4byte	0x6dc
	.byte	0x1
	.byte	0x1
	.uleb128 0x13
	.4byte	0x4c
	.4byte	0x70a
	.uleb128 0x14
	.4byte	0x45
	.byte	0x93
	.byte	0x0
	.uleb128 0x19
	.4byte	.LASF48
	.byte	0x1
	.byte	0x75
	.4byte	0x717
	.byte	0x1
	.byte	0x1
	.uleb128 0x1a
	.4byte	0x6fa
	.uleb128 0x1b
	.4byte	.LASF49
	.byte	0x1
	.2byte	0x138
	.4byte	0xe8
	.byte	0x1
	.byte	0x1
	.uleb128 0x1b
	.4byte	.LASF50
	.byte	0x1
	.2byte	0x13a
	.4byte	0x685
	.byte	0x1
	.byte	0x1
	.uleb128 0x1b
	.4byte	.LASF51
	.byte	0x1
	.2byte	0x13c
	.4byte	0xe8
	.byte	0x1
	.byte	0x1
	.uleb128 0x13
	.4byte	0x21
	.4byte	0x756
	.uleb128 0x14
	.4byte	0x45
	.byte	0x1f
	.byte	0x0
	.uleb128 0x1b
	.4byte	.LASF52
	.byte	0x1
	.2byte	0x13f
	.4byte	0x746
	.byte	0x1
	.byte	0x1
	.uleb128 0x1c
	.4byte	.LASF32
	.byte	0x1
	.byte	0x45
	.4byte	0x774
	.byte	0x1
	.byte	0x3
	.byte	0x3
	.2byte	cmdListBi
	.uleb128 0x1a
	.4byte	0x593
	.uleb128 0x1c
	.4byte	.LASF33
	.byte	0x1
	.byte	0x57
	.4byte	0x789
	.byte	0x1
	.byte	0x3
	.byte	0x3
	.2byte	cmdListBi2
	.uleb128 0x1a
	.4byte	0x5b6
	.uleb128 0x1c
	.4byte	.LASF34
	.byte	0x1
	.byte	0x5b
	.4byte	0x79e
	.byte	0x1
	.byte	0x3
	.byte	0x3
	.2byte	cmdList2N
	.uleb128 0x1a
	.4byte	0x5d8
	.uleb128 0x1c
	.4byte	.LASF35
	.byte	0x1
	.byte	0x5f
	.4byte	0x5fa
	.byte	0x1
	.byte	0x3
	.byte	0x3
	.2byte	mathStack
	.uleb128 0x1c
	.4byte	.LASF36
	.byte	0x1
	.byte	0x61
	.4byte	0x617
	.byte	0x1
	.byte	0x3
	.byte	0x3
	.2byte	addrStack
	.uleb128 0x1c
	.4byte	.LASF37
	.byte	0x1
	.byte	0x62
	.4byte	0xe8
	.byte	0x1
	.byte	0x3
	.byte	0x3
	.2byte	addrStackPtr
	.uleb128 0x1c
	.4byte	.LASF38
	.byte	0x1
	.byte	0x64
	.4byte	0x641
	.byte	0x1
	.byte	0x3
	.byte	0x3
	.2byte	prog
	.uleb128 0x1c
	.4byte	.LASF39
	.byte	0x1
	.byte	0x65
	.4byte	0xe8
	.byte	0x1
	.byte	0x3
	.byte	0x3
	.2byte	progPtr
	.uleb128 0x1c
	.4byte	.LASF40
	.byte	0x1
	.byte	0x66
	.4byte	0x5fa
	.byte	0x1
	.byte	0x3
	.byte	0x3
	.2byte	progOps
	.uleb128 0x1c
	.4byte	.LASF41
	.byte	0x1
	.byte	0x67
	.4byte	0xe8
	.byte	0x1
	.byte	0x3
	.byte	0x3
	.2byte	progOpsPtr
	.uleb128 0x1c
	.4byte	.LASF42
	.byte	0x1
	.byte	0x68
	.4byte	0x685
	.byte	0x1
	.byte	0x3
	.byte	0x3
	.2byte	cmdList
	.uleb128 0x1c
	.4byte	.LASF43
	.byte	0x1
	.byte	0x69
	.4byte	0xe8
	.byte	0x1
	.byte	0x3
	.byte	0x3
	.2byte	cmdListPtr
	.uleb128 0x1c
	.4byte	.LASF44
	.byte	0x1
	.byte	0x6b
	.4byte	0x4c
	.byte	0x1
	.byte	0x3
	.byte	0x3
	.2byte	fastTimer
	.uleb128 0x1c
	.4byte	.LASF45
	.byte	0x1
	.byte	0x6c
	.4byte	0x4c
	.byte	0x1
	.byte	0x3
	.byte	0x3
	.2byte	slowTimer
	.uleb128 0x1c
	.4byte	.LASF46
	.byte	0x1
	.byte	0x6e
	.4byte	0x6d6
	.byte	0x1
	.byte	0x3
	.byte	0x3
	.2byte	dirMemory
	.uleb128 0x1c
	.4byte	.LASF47
	.byte	0x1
	.byte	0x70
	.4byte	0x6dc
	.byte	0x1
	.byte	0x3
	.byte	0x3
	.2byte	buckets
	.uleb128 0x1c
	.4byte	.LASF48
	.byte	0x1
	.byte	0x75
	.4byte	0x883
	.byte	0x1
	.byte	0x3
	.byte	0x3
	.2byte	progBi
	.uleb128 0x1a
	.4byte	0x6fa
	.uleb128 0x1d
	.4byte	.LASF49
	.byte	0x1
	.2byte	0x138
	.4byte	0xe8
	.byte	0x1
	.byte	0x3
	.byte	0x3
	.2byte	progCounter
	.uleb128 0x1d
	.4byte	.LASF50
	.byte	0x1
	.2byte	0x13a
	.4byte	0x685
	.byte	0x1
	.byte	0x3
	.byte	0x3
	.2byte	lineBuffer
	.uleb128 0x1d
	.4byte	.LASF51
	.byte	0x1
	.2byte	0x13c
	.4byte	0xe8
	.byte	0x1
	.byte	0x3
	.byte	0x3
	.2byte	lineBufferPtr
	.uleb128 0x1d
	.4byte	.LASF52
	.byte	0x1
	.2byte	0x13f
	.4byte	0x746
	.byte	0x1
	.byte	0x3
	.byte	0x3
	.2byte	wordBuffer
	.byte	0x0
	.section	.debug_abbrev
	.uleb128 0x1
	.uleb128 0x11
	.byte	0x1
	.uleb128 0x25
	.uleb128 0xe
	.uleb128 0x13
	.uleb128 0xb
	.uleb128 0x3
	.uleb128 0xe
	.uleb128 0x1b
	.uleb128 0xe
	.uleb128 0x11
	.uleb128 0x1
	.uleb128 0x12
	.uleb128 0x1
	.uleb128 0x10
	.uleb128 0x6
	.byte	0x0
	.byte	0x0
	.uleb128 0x2
	.uleb128 0x16
	.byte	0x0
	.uleb128 0x3
	.uleb128 0xe
	.uleb128 0x3a
	.uleb128 0xb
	.uleb128 0x3b
	.uleb128 0xb
	.uleb128 0x49
	.uleb128 0x13
	.byte	0x0
	.byte	0x0
	.uleb128 0x3
	.uleb128 0x24
	.byte	0x0
	.uleb128 0xb
	.uleb128 0xb
	.uleb128 0x3e
	.uleb128 0xb
	.uleb128 0x3
	.uleb128 0xe
	.byte	0x0
	.byte	0x0
	.uleb128 0x4
	.uleb128 0x24
	.byte	0x0
	.uleb128 0xb
	.uleb128 0xb
	.uleb128 0x3e
	.uleb128 0xb
	.uleb128 0x3
	.uleb128 0x8
	.byte	0x0
	.byte	0x0
	.uleb128 0x5
	.uleb128 0x2e
	.byte	0x1
	.uleb128 0x3
	.uleb128 0xe
	.uleb128 0x3a
	.uleb128 0xb
	.uleb128 0x3b
	.uleb128 0x5
	.uleb128 0x27
	.uleb128 0xc
	.uleb128 0x49
	.uleb128 0x13
	.uleb128 0x20
	.uleb128 0xb
	.uleb128 0x1
	.uleb128 0x13
	.byte	0x0
	.byte	0x0
	.uleb128 0x6
	.uleb128 0x34
	.byte	0x0
	.uleb128 0x3
	.uleb128 0xe
	.uleb128 0x3a
	.uleb128 0xb
	.uleb128 0x3b
	.uleb128 0x5
	.uleb128 0x49
	.uleb128 0x13
	.byte	0x0
	.byte	0x0
	.uleb128 0x7
	.uleb128 0x2e
	.byte	0x1
	.uleb128 0x3f
	.uleb128 0xc
	.uleb128 0x3
	.uleb128 0xe
	.uleb128 0x3a
	.uleb128 0xb
	.uleb128 0x3b
	.uleb128 0x5
	.uleb128 0x27
	.uleb128 0xc
	.uleb128 0x49
	.uleb128 0x13
	.uleb128 0x11
	.uleb128 0x1
	.uleb128 0x12
	.uleb128 0x1
	.uleb128 0x40
	.uleb128 0x6
	.uleb128 0x1
	.uleb128 0x13
	.byte	0x0
	.byte	0x0
	.uleb128 0x8
	.uleb128 0x34
	.byte	0x0
	.uleb128 0x3
	.uleb128 0x8
	.uleb128 0x3a
	.uleb128 0xb
	.uleb128 0x3b
	.uleb128 0x5
	.uleb128 0x49
	.uleb128 0x13
	.uleb128 0x2
	.uleb128 0xa
	.byte	0x0
	.byte	0x0
	.uleb128 0x9
	.uleb128 0x35
	.byte	0x0
	.uleb128 0x49
	.uleb128 0x13
	.byte	0x0
	.byte	0x0
	.uleb128 0xa
	.uleb128 0x2e
	.byte	0x1
	.uleb128 0x3f
	.uleb128 0xc
	.uleb128 0x3
	.uleb128 0xe
	.uleb128 0x3a
	.uleb128 0xb
	.uleb128 0x3b
	.uleb128 0x5
	.uleb128 0x27
	.uleb128 0xc
	.uleb128 0x11
	.uleb128 0x1
	.uleb128 0x12
	.uleb128 0x1
	.uleb128 0x40
	.uleb128 0x6
	.uleb128 0x1
	.uleb128 0x13
	.byte	0x0
	.byte	0x0
	.uleb128 0xb
	.uleb128 0x34
	.byte	0x0
	.uleb128 0x3
	.uleb128 0xe
	.uleb128 0x3a
	.uleb128 0xb
	.uleb128 0x3b
	.uleb128 0x5
	.uleb128 0x49
	.uleb128 0x13
	.uleb128 0x2
	.uleb128 0xa
	.byte	0x0
	.byte	0x0
	.uleb128 0xc
	.uleb128 0x2e
	.byte	0x0
	.uleb128 0x3f
	.uleb128 0xc
	.uleb128 0x3
	.uleb128 0xe
	.uleb128 0x3a
	.uleb128 0xb
	.uleb128 0x3b
	.uleb128 0x5
	.uleb128 0x27
	.uleb128 0xc
	.uleb128 0x11
	.uleb128 0x1
	.uleb128 0x12
	.uleb128 0x1
	.uleb128 0x40
	.uleb128 0xa
	.byte	0x0
	.byte	0x0
	.uleb128 0xd
	.uleb128 0x5
	.byte	0x0
	.uleb128 0x3
	.uleb128 0x8
	.uleb128 0x3a
	.uleb128 0xb
	.uleb128 0x3b
	.uleb128 0x5
	.uleb128 0x49
	.uleb128 0x13
	.uleb128 0x2
	.uleb128 0xa
	.byte	0x0
	.byte	0x0
	.uleb128 0xe
	.uleb128 0x2e
	.byte	0x1
	.uleb128 0x3f
	.uleb128 0xc
	.uleb128 0x3
	.uleb128 0xe
	.uleb128 0x3a
	.uleb128 0xb
	.uleb128 0x3b
	.uleb128 0x5
	.uleb128 0x27
	.uleb128 0xc
	.uleb128 0x11
	.uleb128 0x1
	.uleb128 0x12
	.uleb128 0x1
	.uleb128 0x40
	.uleb128 0xa
	.uleb128 0x1
	.uleb128 0x13
	.byte	0x0
	.byte	0x0
	.uleb128 0xf
	.uleb128 0x5
	.byte	0x0
	.uleb128 0x3
	.uleb128 0x8
	.uleb128 0x3a
	.uleb128 0xb
	.uleb128 0x3b
	.uleb128 0x5
	.uleb128 0x49
	.uleb128 0x13
	.uleb128 0x2
	.uleb128 0x6
	.byte	0x0
	.byte	0x0
	.uleb128 0x10
	.uleb128 0x34
	.byte	0x0
	.uleb128 0x3
	.uleb128 0x8
	.uleb128 0x3a
	.uleb128 0xb
	.uleb128 0x3b
	.uleb128 0x5
	.uleb128 0x49
	.uleb128 0x13
	.uleb128 0x2
	.uleb128 0x6
	.byte	0x0
	.byte	0x0
	.uleb128 0x11
	.uleb128 0xf
	.byte	0x0
	.uleb128 0xb
	.uleb128 0xb
	.uleb128 0x49
	.uleb128 0x13
	.byte	0x0
	.byte	0x0
	.uleb128 0x12
	.uleb128 0x34
	.byte	0x0
	.uleb128 0x3
	.uleb128 0xe
	.uleb128 0x3a
	.uleb128 0xb
	.uleb128 0x3b
	.uleb128 0x5
	.uleb128 0x49
	.uleb128 0x13
	.uleb128 0x2
	.uleb128 0x6
	.byte	0x0
	.byte	0x0
	.uleb128 0x13
	.uleb128 0x1
	.byte	0x1
	.uleb128 0x49
	.uleb128 0x13
	.uleb128 0x1
	.uleb128 0x13
	.byte	0x0
	.byte	0x0
	.uleb128 0x14
	.uleb128 0x21
	.byte	0x0
	.uleb128 0x49
	.uleb128 0x13
	.uleb128 0x2f
	.uleb128 0xb
	.byte	0x0
	.byte	0x0
	.uleb128 0x15
	.uleb128 0x1d
	.byte	0x1
	.uleb128 0x31
	.uleb128 0x13
	.uleb128 0x11
	.uleb128 0x1
	.uleb128 0x12
	.uleb128 0x1
	.uleb128 0x58
	.uleb128 0xb
	.uleb128 0x59
	.uleb128 0x5
	.byte	0x0
	.byte	0x0
	.uleb128 0x16
	.uleb128 0xb
	.byte	0x1
	.uleb128 0x11
	.uleb128 0x1
	.uleb128 0x12
	.uleb128 0x1
	.byte	0x0
	.byte	0x0
	.uleb128 0x17
	.uleb128 0x34
	.byte	0x0
	.uleb128 0x31
	.uleb128 0x13
	.uleb128 0x2
	.uleb128 0x6
	.byte	0x0
	.byte	0x0
	.uleb128 0x18
	.uleb128 0x21
	.byte	0x0
	.uleb128 0x49
	.uleb128 0x13
	.uleb128 0x2f
	.uleb128 0x5
	.byte	0x0
	.byte	0x0
	.uleb128 0x19
	.uleb128 0x34
	.byte	0x0
	.uleb128 0x3
	.uleb128 0xe
	.uleb128 0x3a
	.uleb128 0xb
	.uleb128 0x3b
	.uleb128 0xb
	.uleb128 0x49
	.uleb128 0x13
	.uleb128 0x3f
	.uleb128 0xc
	.uleb128 0x3c
	.uleb128 0xc
	.byte	0x0
	.byte	0x0
	.uleb128 0x1a
	.uleb128 0x26
	.byte	0x0
	.uleb128 0x49
	.uleb128 0x13
	.byte	0x0
	.byte	0x0
	.uleb128 0x1b
	.uleb128 0x34
	.byte	0x0
	.uleb128 0x3
	.uleb128 0xe
	.uleb128 0x3a
	.uleb128 0xb
	.uleb128 0x3b
	.uleb128 0x5
	.uleb128 0x49
	.uleb128 0x13
	.uleb128 0x3f
	.uleb128 0xc
	.uleb128 0x3c
	.uleb128 0xc
	.byte	0x0
	.byte	0x0
	.uleb128 0x1c
	.uleb128 0x34
	.byte	0x0
	.uleb128 0x3
	.uleb128 0xe
	.uleb128 0x3a
	.uleb128 0xb
	.uleb128 0x3b
	.uleb128 0xb
	.uleb128 0x49
	.uleb128 0x13
	.uleb128 0x3f
	.uleb128 0xc
	.uleb128 0x2
	.uleb128 0xa
	.byte	0x0
	.byte	0x0
	.uleb128 0x1d
	.uleb128 0x34
	.byte	0x0
	.uleb128 0x3
	.uleb128 0xe
	.uleb128 0x3a
	.uleb128 0xb
	.uleb128 0x3b
	.uleb128 0x5
	.uleb128 0x49
	.uleb128 0x13
	.uleb128 0x3f
	.uleb128 0xc
	.uleb128 0x2
	.uleb128 0xa
	.byte	0x0
	.byte	0x0
	.byte	0x0
	.section	.debug_pubnames,"",@progbits
	.4byte	0x280
	.2byte	0x2
	.4byte	.Ldebug_info0
	.4byte	0x8cd
	.4byte	0x88
	.string	"getKeyB"
	.4byte	0xb5
	.string	"getLine"
	.4byte	0xed
	.string	"getWord"
	.4byte	0x12d
	.string	"listFunction"
	.4byte	0x13e
	.string	"popMathStack"
	.4byte	0x185
	.string	"pushMathStack"
	.4byte	0x1c4
	.string	"popAddrStack"
	.4byte	0x1ec
	.string	"pushAddrStack"
	.4byte	0x20e
	.string	"lookupToken"
	.4byte	0x281
	.string	"luFunc"
	.4byte	0x2a6
	.string	"numFunc"
	.4byte	0x2e6
	.string	"ifFunc"
	.4byte	0x338
	.string	"pushnFunc"
	.4byte	0x35c
	.string	"overFunc"
	.4byte	0x380
	.string	"dfnFunc"
	.4byte	0x3a4
	.string	"printNumber"
	.4byte	0x402
	.string	"printHexChar"
	.4byte	0x426
	.string	"printHexByte"
	.4byte	0x44b
	.string	"printHexWord"
	.4byte	0x470
	.string	"execN"
	.4byte	0x4f7
	.string	"execFunc"
	.4byte	0x51e
	.string	"init_msp4th"
	.4byte	0x55e
	.string	"processLoop"
	.4byte	0x764
	.string	"cmdListBi"
	.4byte	0x779
	.string	"cmdListBi2"
	.4byte	0x78e
	.string	"cmdList2N"
	.4byte	0x7a3
	.string	"mathStack"
	.4byte	0x7b3
	.string	"addrStack"
	.4byte	0x7c3
	.string	"addrStackPtr"
	.4byte	0x7d3
	.string	"prog"
	.4byte	0x7e3
	.string	"progPtr"
	.4byte	0x7f3
	.string	"progOps"
	.4byte	0x803
	.string	"progOpsPtr"
	.4byte	0x813
	.string	"cmdList"
	.4byte	0x823
	.string	"cmdListPtr"
	.4byte	0x833
	.string	"fastTimer"
	.4byte	0x843
	.string	"slowTimer"
	.4byte	0x853
	.string	"dirMemory"
	.4byte	0x863
	.string	"buckets"
	.4byte	0x873
	.string	"progBi"
	.4byte	0x888
	.string	"progCounter"
	.4byte	0x899
	.string	"lineBuffer"
	.4byte	0x8aa
	.string	"lineBufferPtr"
	.4byte	0x8bb
	.string	"wordBuffer"
	.4byte	0x0
	.section	.debug_pubtypes,"",@progbits
	.4byte	0x3d
	.2byte	0x2
	.4byte	.Ldebug_info0
	.4byte	0x8cd
	.4byte	0x21
	.string	"uint8_t"
	.4byte	0x3a
	.string	"uint16_t"
	.4byte	0x4c
	.string	"int16_t"
	.4byte	0x5e
	.string	"str_t"
	.4byte	0x0
	.section	.debug_aranges,"",@progbits
	.4byte	0x10
	.2byte	0x2
	.4byte	.Ldebug_info0
	.byte	0x2
	.byte	0x0
	.2byte	.Ltext0
	.2byte	.Letext0-.Ltext0
	.2byte	0x0
	.2byte	0x0
	.section	.debug_str,"MS",@progbits,1
.LASF6:
	.string	"str_t"
.LASF16:
	.string	"luFunc"
.LASF20:
	.string	"pushnFunc"
.LASF58:
	.string	"listFunction"
.LASF53:
	.string	"GNU C 4.5.3"
.LASF25:
	.string	"printHexByte"
.LASF38:
	.string	"prog"
.LASF19:
	.string	"addr"
.LASF14:
	.string	"pushAddrStack"
.LASF11:
	.string	"popMathStack"
.LASF29:
	.string	"opcode"
.LASF7:
	.string	"waiting"
.LASF48:
	.string	"progBi"
.LASF1:
	.string	"signed char"
.LASF35:
	.string	"mathStack"
.LASF0:
	.string	"unsigned char"
.LASF15:
	.string	"lookupToken"
.LASF22:
	.string	"dfnFunc"
.LASF33:
	.string	"cmdListBi2"
.LASF9:
	.string	"getWord"
.LASF18:
	.string	"ifFunc"
.LASF44:
	.string	"fastTimer"
.LASF34:
	.string	"cmdList2N"
.LASF46:
	.string	"dirMemory"
.LASF52:
	.string	"wordBuffer"
.LASF43:
	.string	"cmdListPtr"
.LASF56:
	.string	"RAMerrors"
.LASF40:
	.string	"progOps"
.LASF37:
	.string	"addrStackPtr"
.LASF23:
	.string	"printNumber"
.LASF57:
	.string	"errors"
.LASF4:
	.string	"unsigned int"
.LASF17:
	.string	"numFunc"
.LASF31:
	.string	"processLoop"
.LASF2:
	.string	"uint8_t"
.LASF27:
	.string	"execN"
.LASF5:
	.string	"int16_t"
.LASF30:
	.string	"init_msp4th"
.LASF12:
	.string	"pushMathStack"
.LASF24:
	.string	"printHexChar"
.LASF50:
	.string	"lineBuffer"
.LASF41:
	.string	"progOpsPtr"
.LASF47:
	.string	"buckets"
.LASF10:
	.string	"getKeyB"
.LASF3:
	.string	"uint16_t"
.LASF39:
	.string	"progPtr"
.LASF51:
	.string	"lineBufferPtr"
.LASF54:
	.string	"msp4th.c"
.LASF49:
	.string	"progCounter"
.LASF13:
	.string	"popAddrStack"
.LASF8:
	.string	"getLine"
.LASF28:
	.string	"execFunc"
.LASF21:
	.string	"overFunc"
.LASF32:
	.string	"cmdListBi"
.LASF26:
	.string	"printHexWord"
.LASF42:
	.string	"cmdList"
.LASF55:
	.string	"/home/dan/430/msp4th"
.LASF36:
	.string	"addrStack"
.LASF45:
	.string	"slowTimer"
